<?xml version="1.0" encoding="UTF-8"?>
<robot generator="Robot 6.1.1 (Python 3.13.2 on win32)" generated="20250528 10:57:12.920" rpa="false" schemaversion="4">
<suite id="s1" name="Test Auto HGW" source="C:\Users\arezgui\Desktop\Test\Test_Auto_HGW">
<suite id="s1-s1" name="Mqtt Test" source="C:\Users\arezgui\Desktop\Test\Test_Auto_HGW\mqtt_test.robot">
<test id="s1-s1-t1" name="Récupérer État Santé Raspberry MQTT" line="10">
<kw name="Connect" library="MQTTLibrary">
<arg>${BROKER_MQTT}</arg>
<arg>${PORT_MQTT}</arg>
<doc>Connect to an MQTT broker. This is a pre-requisite step for publish
and subscribe keywords.</doc>
<msg timestamp="20250528 10:57:13.887" level="INFO">Connecting to 192.168.4.1 at port 1883</msg>
<status status="PASS" starttime="20250528 10:57:13.886" endtime="20250528 10:57:13.901"/>
</kw>
<kw name="Subscribe" library="MQTTLibrary">
<var>@{messages}</var>
<arg>${TOPIC}</arg>
<arg>qos=${QOS}</arg>
<arg>timeout=${TIMEOUT}</arg>
<arg>limit=${LIMIT}</arg>
<doc>Subscribe to a topic and return a list of message payloads received
    within the specified time.</doc>
<msg timestamp="20250528 10:57:13.902" level="INFO">Subscribing to topic: raspberry/status</msg>
<msg timestamp="20250528 10:57:17.185" level="INFO">@{messages} = [ {"temperature": 50.6, "cpu_usage": 2.8, "ram_total": 7809, "ram_used": 417, "disk_total": 28, "disk_used": 6} ]</msg>
<status status="PASS" starttime="20250528 10:57:13.901" endtime="20250528 10:57:17.185"/>
</kw>
<kw name="Length Should Be" library="BuiltIn">
<arg>${messages}</arg>
<arg>1</arg>
<doc>Verifies that the length of the given item is correct.</doc>
<status status="FAIL" starttime="20250528 10:57:17.185" endtime="20250528 10:57:17.186"/>
</kw>
<kw name="Set Variable" library="BuiltIn">
<var>${json_string}</var>
<arg>${messages[0]}</arg>
<doc>Returns the given values which can then be assigned to a variables.</doc>
<status status="NOT RUN" starttime="20250528 10:57:17.186" endtime="20250528 10:57:17.187"/>
</kw>
<kw name="Convert String To Json" library="JSONLibrary">
<var>${data}</var>
<arg>${json_string}</arg>
<doc>Convert String to JSON object</doc>
<status status="NOT RUN" starttime="20250528 10:57:17.187" endtime="20250528 10:57:17.187"/>
</kw>
<kw name="Log" library="BuiltIn">
<arg>Température : ${data["temperature"]} °C</arg>
<doc>Logs the given message with the given level.</doc>
<status status="NOT RUN" starttime="20250528 10:57:17.187" endtime="20250528 10:57:17.187"/>
</kw>
<kw name="Log" library="BuiltIn">
<arg>Utilisation CPU : ${data["cpu_usage"]} %</arg>
<doc>Logs the given message with the given level.</doc>
<status status="NOT RUN" starttime="20250528 10:57:17.188" endtime="20250528 10:57:17.188"/>
</kw>
<kw name="Log" library="BuiltIn">
<arg>RAM Totale : ${data["ram_total"]} Mo</arg>
<doc>Logs the given message with the given level.</doc>
<status status="NOT RUN" starttime="20250528 10:57:17.188" endtime="20250528 10:57:17.188"/>
</kw>
<kw name="Log" library="BuiltIn">
<arg>RAM Utilisée : ${data["ram_used"]} Mo</arg>
<doc>Logs the given message with the given level.</doc>
<status status="NOT RUN" starttime="20250528 10:57:17.188" endtime="20250528 10:57:17.188"/>
</kw>
<kw name="Log" library="BuiltIn">
<arg>Espace disque total : ${data["disk_total"]} Go</arg>
<doc>Logs the given message with the given level.</doc>
<status status="NOT RUN" starttime="20250528 10:57:17.189" endtime="20250528 10:57:17.189"/>
</kw>
<kw name="Log" library="BuiltIn">
<arg>Espace disque utilisé : ${data["disk_used"]} Go</arg>
<doc>Logs the given message with the given level.</doc>
<status status="NOT RUN" starttime="20250528 10:57:17.189" endtime="20250528 10:57:17.189"/>
</kw>
<kw name="Log To Console" library="BuiltIn">
<arg>Température : ${data["temperature"]} °C , Utilisation CPU : ${data["cpu_usage"]} % , RAM Totale : ${data["ram_total"]} Mo , RAM Utilisée : ${data["ram_used"]} Mo , Espace disque total : ${data["disk_total"]} Go , Espace disque utilisé : ${data["disk_used"]} Go</arg>
<doc>Logs the given message to the console.</doc>
<status status="NOT RUN" starttime="20250528 10:57:17.189" endtime="20250528 10:57:17.189"/>
</kw>
<kw name="Disconnect" library="MQTTLibrary">
<doc>Disconnect from MQTT Broker.</doc>
<status status="NOT RUN" starttime="20250528 10:57:17.190" endtime="20250528 10:57:17.190"/>
</kw>
<doc>Ce cas de test vérifie que le Raspberry Pi publie périodiquement des informations de diagnostic (température, CPU, RAM, disque) via MQTT.</doc>
<status status="FAIL" starttime="20250528 10:57:13.886" endtime="20250528 10:57:17.190">Execution terminated by signal</status>
</test>
<test id="s1-s1-t2" name="Vérifier État Santé Raspberry" line="26">
<doc>Ce cas de test vérifie que les valeurs de diagnostic du Raspberry Pi sont inférieures aux seuils critiques définis.</doc>
<tag>robot:exit</tag>
<status status="FAIL" starttime="20250528 10:57:17.191" endtime="20250528 10:57:17.191">Test execution stopped due to a fatal error.</status>
</test>
<status status="FAIL" starttime="20250528 10:57:12.974" endtime="20250528 10:57:17.192"/>
</suite>
<suite id="s1-s2" name="Tests Acces webmin" source="C:\Users\arezgui\Desktop\Test\Test_Auto_HGW\Tests_Acces_webmin.robot">
<test id="s1-s2-t1" name=" Vérifier l'Accès Réussi à Webmin avec Identifiants Valides" line="6">
<doc>Ce test vérifie que l'interface Webmin est accessible et fonctionnelle.</doc>
<tag>robot:exit</tag>
<status status="FAIL" starttime="20250528 10:57:17.193" endtime="20250528 10:57:17.193">Test execution stopped due to a fatal error.</status>
</test>
<test id="s1-s2-t2" name="Vérifier l'Accès Échoué à Webmin avec Identifiants Invalides" line="16">
<doc>Ce cas de test vérifie qu’un message d’erreur s’affiche lors d’une tentative de connexion avec des identifiants invalides.</doc>
<tag>robot:exit</tag>
<status status="FAIL" starttime="20250528 10:57:17.194" endtime="20250528 10:57:17.194">Test execution stopped due to a fatal error.</status>
</test>
<status status="FAIL" starttime="20250528 10:57:17.192" endtime="20250528 10:57:17.195"/>
</suite>
<suite id="s1-s3" name="Tests Attribution ip automatique" source="C:\Users\arezgui\Desktop\Test\Test_Auto_HGW\Tests_Attribution_ip_automatique.robot">
<test id="s1-s3-t1" name="Vérifier l'attribution automatique d'adresse IP aux appareils connectés" line="8">
<doc>Ce cas de test vérifie que le service DHCP attribue correctement une adresse IP à un appareil connecté.</doc>
<tag>robot:exit</tag>
<status status="FAIL" starttime="20250528 10:57:17.196" endtime="20250528 10:57:17.196">Test execution stopped due to a fatal error.</status>
</test>
<status status="FAIL" starttime="20250528 10:57:17.195" endtime="20250528 10:57:17.196"/>
</suite>
<suite id="s1-s4" name="Tests Connectivité" source="C:\Users\arezgui\Desktop\Test\Test_Auto_HGW\Tests_Connectivité.robot">
<test id="s1-s4-t1" name="Vérifier que le point d'accès est actif" line="6">
<doc>Ce cas de test vérifie que l'interface WiFi du Raspberry Pi est en mode Point d'Accès</doc>
<tag>robot:exit</tag>
<status status="FAIL" starttime="20250528 10:57:17.197" endtime="20250528 10:57:17.198">Test execution stopped due to a fatal error.</status>
</test>
<test id="s1-s4-t2" name="Vérifier que l'interface Ethernet est active" line="13">
<doc>Ce cas de test vérifie que l'interface Ethernet du Raspberry Pi est active et fonctionnelle.</doc>
<tag>robot:exit</tag>
<status status="FAIL" starttime="20250528 10:57:17.198" endtime="20250528 10:57:17.198">Test execution stopped due to a fatal error.</status>
</test>
<test id="s1-s4-t3" name="Vérifier l'accès Internet via Ethernet" line="20">
<doc>Ce cas de test vérifie que le Raspberry Pi a un accès à Internet via l'interface Ethernet.</doc>
<tag>robot:exit</tag>
<status status="FAIL" starttime="20250528 10:57:17.198" endtime="20250528 10:57:17.199">Test execution stopped due to a fatal error.</status>
</test>
<test id="s1-s4-t4" name="Vérifier qu'un appareil spécifique est connecté en temps réel" line="27">
<doc>Ce cas de test vérifie que l'appareil dont l'adresse MAC est 60:f2:62:77:04:34 est bien connecté en temps réel au point d'accès WiFi du Raspberry Pi.</doc>
<tag>robot:exit</tag>
<status status="FAIL" starttime="20250528 10:57:17.199" endtime="20250528 10:57:17.200">Test execution stopped due to a fatal error.</status>
</test>
<status status="FAIL" starttime="20250528 10:57:17.197" endtime="20250528 10:57:17.200"/>
</suite>
<suite id="s1-s5" name="Tests Etat du systeme" source="C:\Users\arezgui\Desktop\Test\Test_Auto_HGW\Tests_Etat_du_systeme.robot">
<test id="s1-s5-t1" name="Vérifier l'État du Système" line="6">
<doc>Ce cas de test vérifie que les informations sur l'état du système sont correctement récupérées depuis webmin et respectent les seuils définis</doc>
<tag>robot:exit</tag>
<status status="FAIL" starttime="20250528 10:57:17.201" endtime="20250528 10:57:17.202">Test execution stopped due to a fatal error.</status>
</test>
<status status="FAIL" starttime="20250528 10:57:17.201" endtime="20250528 10:57:17.202"/>
</suite>
<suite id="s1-s6" name="Tests Firewall" source="C:\Users\arezgui\Desktop\Test\Test_Auto_HGW\Tests_Firewall.robot">
<test id="s1-s6-t1" name="Test Block HTTPS Access" line="8">
<tag>robot:exit</tag>
<status status="FAIL" starttime="20250528 10:57:17.203" endtime="20250528 10:57:17.203">Test execution stopped due to a fatal error.</status>
</test>
<test id="s1-s6-t2" name="Test Unblock HTTPS Access" line="26">
<tag>robot:exit</tag>
<status status="FAIL" starttime="20250528 10:57:17.203" endtime="20250528 10:57:17.204">Test execution stopped due to a fatal error.</status>
</test>
<status status="FAIL" starttime="20250528 10:57:17.202" endtime="20250528 10:57:17.204"/>
</suite>
<suite id="s1-s7" name="Tests Resolution des noms de domaine" source="C:\Users\arezgui\Desktop\Test\Test_Auto_HGW\Tests_Resolution_des_noms_de_domaine.robot">
<test id="s1-s7-t1" name="Vérifier la configuration du système de résolution de noms[DNS]" line="6">
<doc>Ce cas de test vérifie que les serveurs DNS sont correctement configurés sur la passerelle.</doc>
<tag>robot:exit</tag>
<status status="FAIL" starttime="20250528 10:57:17.205" endtime="20250528 10:57:17.205">Test execution stopped due to a fatal error.</status>
</test>
<test id="s1-s7-t2" name="Résolution d_un Nom de Domaine Valide" line="13">
<doc>Ce cas de test vérifie que le service DNS résout correctement un nom de domaine valide en une adresse IP</doc>
<tag>robot:exit</tag>
<status status="FAIL" starttime="20250528 10:57:17.205" endtime="20250528 10:57:17.206">Test execution stopped due to a fatal error.</status>
</test>
<test id="s1-s7-t3" name="Résolution d_un Nom de Domaine Invalide" line="19">
<doc>Ce cas de test vérifie que le service DNS détecte correctement qu'un nom de domaine invalide ne peut pas être résolu.</doc>
<tag>robot:exit</tag>
<status status="FAIL" starttime="20250528 10:57:17.206" endtime="20250528 10:57:17.206">Test execution stopped due to a fatal error.</status>
</test>
<test id="s1-s7-t4" name="Résolution DNS via un Navigateur Web" line="25">
<doc>Ce cas de test vérifie que la résolution DNS fonctionne correctement via un navigateur web</doc>
<tag>robot:exit</tag>
<status status="FAIL" starttime="20250528 10:57:17.207" endtime="20250528 10:57:17.207">Test execution stopped due to a fatal error.</status>
</test>
<status status="FAIL" starttime="20250528 10:57:17.204" endtime="20250528 10:57:17.207"/>
</suite>
<suite id="s1-s8" name="Tests Routage des paquets" source="C:\Users\arezgui\Desktop\Test\Test_Auto_HGW\Tests_Routage des paquets.robot">
<test id="s1-s8-t1" name="Vérifier l'activation de IP Forwarding" line="6">
<doc>Ce cas de test vérifie que le transfert d'adresses IP (IP forwarding) est activé sur la passerelle, ce qui permet au Raspberry Pi de rediriger le trafic réseau entre différentes interfaces  (Wi-Fi wlan0 et Ethernet eth0)</doc>
<tag>robot:exit</tag>
<status status="FAIL" starttime="20250528 10:57:17.208" endtime="20250528 10:57:17.209">Test execution stopped due to a fatal error.</status>
</test>
<test id="s1-s8-t2" name="Vérifier la table de routage" line="13">
<doc>Ce cas de test vérifie que la table de routage du Raspberry Pi contient les interfaces réseau attendues, assurant une bonne redirection du trafic entre Ethernet et Wi-Fi.</doc>
<tag>robot:exit</tag>
<status status="FAIL" starttime="20250528 10:57:17.209" endtime="20250528 10:57:17.209">Test execution stopped due to a fatal error.</status>
</test>
<test id="s1-s8-t3" name="Vérifier la connectivité entre les interfaces réseau (Wi-Fi et Ethernet)" line="22">
<doc>Ce cas de test vérifie que la communication entre l'interface Ethernet et l'interface Wi-Fi est fonctionnelle</doc>
<tag>robot:exit</tag>
<status status="FAIL" starttime="20250528 10:57:17.209" endtime="20250528 10:57:17.210">Test execution stopped due to a fatal error.</status>
</test>
<status status="FAIL" starttime="20250528 10:57:17.208" endtime="20250528 10:57:17.210"/>
</suite>
<suite id="s1-s9" name="Tests Services webmin" source="C:\Users\arezgui\Desktop\Test\Test_Auto_HGW\Tests_Services_webmin.robot">
<test id="s1-s9-t1" name="Démarrer le service OpenVNC via Webmin" line="7">
<doc>Ce cas de test vérifie que le service OpenVNC peut être démarré correctement via l'interface Webmin.</doc>
<tag>robot:exit</tag>
<status status="FAIL" starttime="20250528 10:57:17.211" endtime="20250528 10:57:17.211">Test execution stopped due to a fatal error.</status>
</test>
<test id="s1-s9-t2" name=" Arrêter le service OpenVNC via Webmin" line="34">
<doc>Ce cas de test vérifie que le service OpenVNC peut être arrêté correctement via l'interface Webmin.</doc>
<tag>robot:exit</tag>
<status status="FAIL" starttime="20250528 10:57:17.211" endtime="20250528 10:57:17.212">Test execution stopped due to a fatal error.</status>
</test>
<status status="FAIL" starttime="20250528 10:57:17.210" endtime="20250528 10:57:17.212"/>
</suite>
<suite id="s1-s10" name="Tests Traduction d adresse reseau" source="C:\Users\arezgui\Desktop\Test\Test_Auto_HGW\Tests_Traduction_d_adresse_reseau.robot">
<test id="s1-s10-t1" name="Vérifier la configuration de la traduction d'adresses réseau (NAT)" line="7">
<doc>Ce cas de test vérifie que la traduction d'adresses réseau (NAT) est correctement configurée sur le système, en s'assurant que la règle de **MASQUERADE** est présente dans la table de NAT.</doc>
<tag>robot:exit</tag>
<status status="FAIL" starttime="20250528 10:57:17.213" endtime="20250528 10:57:17.214">Test execution stopped due to a fatal error.</status>
</test>
<test id="s1-s10-t2" name="Vérifier le masquage des adresses IP privées via la translation d'adresses réseau (NAT)" line="15">
<doc>Ce cas de test vérifie que les adresses IP privées des appareils connectés au réseau local sont masquées via  (NAT) en utilisant whatismyipaddress.com.</doc>
<tag>robot:exit</tag>
<status status="FAIL" starttime="20250528 10:57:17.214" endtime="20250528 10:57:17.214">Test execution stopped due to a fatal error.</status>
</test>
<status status="FAIL" starttime="20250528 10:57:17.212" endtime="20250528 10:57:17.214"/>
</suite>
<suite id="s1-s11" name="Vérification des Services de Base HGW PRPLOS" source="C:\Users\arezgui\Desktop\Test\Test_Auto_HGW\Vérification des Services de Base HGW PRPLOS.robot">
<test id="s1-s11-t1" name="Vérifier que le service Hostapd est actif via API" line="7">
<doc>Ce test vérifie que le service Hostapd est actif via l’API Flask du Raspberry Pi</doc>
<tag>robot:exit</tag>
<status status="FAIL" starttime="20250528 10:57:17.215" endtime="20250528 10:57:17.216">Test execution stopped due to a fatal error.</status>
</test>
<test id="s1-s11-t2" name="Vérifier que le service SSH est actif via API" line="15">
<doc>Ce test vérifie que le service SSH est actif via l’API Flask du Raspberry Pi</doc>
<tag>robot:exit</tag>
<status status="FAIL" starttime="20250528 10:57:17.216" endtime="20250528 10:57:17.216">Test execution stopped due to a fatal error.</status>
</test>
<test id="s1-s11-t3" name="Vérifier que le service DNSMasq est actif via API" line="23">
<doc>Ce test vérifie que le service DNSMasq est actif via l’API Flask du Raspberry Pi</doc>
<tag>robot:exit</tag>
<status status="FAIL" starttime="20250528 10:57:17.216" endtime="20250528 10:57:17.217">Test execution stopped due to a fatal error.</status>
</test>
<test id="s1-s11-t4" name="Vérifier que le service iptables est actif via API" line="31">
<doc>Ce test vérifie que le service IPtables est actif via l’API Flask du Raspberry Pi</doc>
<tag>robot:exit</tag>
<status status="FAIL" starttime="20250528 10:57:17.217" endtime="20250528 10:57:17.217">Test execution stopped due to a fatal error.</status>
</test>
<status status="FAIL" starttime="20250528 10:57:17.215" endtime="20250528 10:57:17.218"/>
</suite>
<status status="FAIL" starttime="20250528 10:57:12.923" endtime="20250528 10:57:17.218"/>
</suite>
<statistics>
<total>
<stat pass="0" fail="27" skip="0">All Tests</stat>
</total>
<tag>
<stat pass="0" fail="1" skip="0" info="combined" combined="NOT robot:exit">NOT robot:exit</stat>
</tag>
<suite>
<stat pass="0" fail="27" skip="0" id="s1" name="Test Auto HGW">Test Auto HGW</stat>
<stat pass="0" fail="2" skip="0" id="s1-s1" name="Mqtt Test">Test Auto HGW.Mqtt Test</stat>
<stat pass="0" fail="2" skip="0" id="s1-s2" name="Tests Acces webmin">Test Auto HGW.Tests Acces webmin</stat>
<stat pass="0" fail="1" skip="0" id="s1-s3" name="Tests Attribution ip automatique">Test Auto HGW.Tests Attribution ip automatique</stat>
<stat pass="0" fail="4" skip="0" id="s1-s4" name="Tests Connectivité">Test Auto HGW.Tests Connectivité</stat>
<stat pass="0" fail="1" skip="0" id="s1-s5" name="Tests Etat du systeme">Test Auto HGW.Tests Etat du systeme</stat>
<stat pass="0" fail="2" skip="0" id="s1-s6" name="Tests Firewall">Test Auto HGW.Tests Firewall</stat>
<stat pass="0" fail="4" skip="0" id="s1-s7" name="Tests Resolution des noms de domaine">Test Auto HGW.Tests Resolution des noms de domaine</stat>
<stat pass="0" fail="3" skip="0" id="s1-s8" name="Tests Routage des paquets">Test Auto HGW.Tests Routage des paquets</stat>
<stat pass="0" fail="2" skip="0" id="s1-s9" name="Tests Services webmin">Test Auto HGW.Tests Services webmin</stat>
<stat pass="0" fail="2" skip="0" id="s1-s10" name="Tests Traduction d adresse reseau">Test Auto HGW.Tests Traduction d adresse reseau</stat>
<stat pass="0" fail="4" skip="0" id="s1-s11" name="Vérification des Services de Base HGW PRPLOS">Test Auto HGW.Vérification des Services de Base HGW PRPLOS</stat>
</suite>
</statistics>
<errors>
</errors>
</robot>
