<?xml version="1.0" encoding="UTF-8"?>
<robot generator="Robot 6.1.1 (Python 3.13.2 on win32)" generated="20250526 14:13:45.968" rpa="false" schemaversion="4">
<suite id="s1" name="Test Auto HGW" source="C:\Users\arezgui\Desktop\Test\Test_Auto_HGW">
<suite id="s1-s1" name="Mqtt Test" source="C:\Users\arezgui\Desktop\Test\Test_Auto_HGW\mqtt_test.robot">
<test id="s1-s1-t1" name="Récupérer État Santé Raspberry MQTT" line="10">
<kw name="Connect" library="MQTTLibrary">
<arg>${BROKER_MQTT}</arg>
<arg>${PORT_MQTT}</arg>
<doc>Connect to an MQTT broker. This is a pre-requisite step for publish
and subscribe keywords.</doc>
<msg timestamp="20250526 14:13:47.050" level="INFO">Connecting to 192.168.4.1 at port 1883</msg>
<msg timestamp="20250526 14:13:52.062" level="FAIL">TimeoutError: timed out</msg>
<status status="FAIL" starttime="20250526 14:13:47.049" endtime="20250526 14:13:52.185"/>
</kw>
<kw name="Subscribe" library="MQTTLibrary">
<var>@{messages}</var>
<arg>${TOPIC}</arg>
<arg>qos=${QOS}</arg>
<arg>timeout=${TIMEOUT}</arg>
<arg>limit=${LIMIT}</arg>
<doc>Subscribe to a topic and return a list of message payloads received
    within the specified time.</doc>
<status status="NOT RUN" starttime="20250526 14:13:52.185" endtime="20250526 14:13:52.185"/>
</kw>
<kw name="Length Should Be" library="BuiltIn">
<arg>${messages}</arg>
<arg>1</arg>
<doc>Verifies that the length of the given item is correct.</doc>
<status status="NOT RUN" starttime="20250526 14:13:52.185" endtime="20250526 14:13:52.186"/>
</kw>
<kw name="Set Variable" library="BuiltIn">
<var>${json_string}</var>
<arg>${messages[0]}</arg>
<doc>Returns the given values which can then be assigned to a variables.</doc>
<status status="NOT RUN" starttime="20250526 14:13:52.186" endtime="20250526 14:13:52.186"/>
</kw>
<kw name="Convert String To Json" library="JSONLibrary">
<var>${data}</var>
<arg>${json_string}</arg>
<doc>Convert String to JSON object</doc>
<status status="NOT RUN" starttime="20250526 14:13:52.186" endtime="20250526 14:13:52.186"/>
</kw>
<kw name="Log" library="BuiltIn">
<arg>Température : ${data["temperature"]} °C</arg>
<doc>Logs the given message with the given level.</doc>
<status status="NOT RUN" starttime="20250526 14:13:52.186" endtime="20250526 14:13:52.186"/>
</kw>
<kw name="Log" library="BuiltIn">
<arg>Utilisation CPU : ${data["cpu_usage"]} %</arg>
<doc>Logs the given message with the given level.</doc>
<status status="NOT RUN" starttime="20250526 14:13:52.186" endtime="20250526 14:13:52.186"/>
</kw>
<kw name="Log" library="BuiltIn">
<arg>RAM Totale : ${data["ram_total"]} Mo</arg>
<doc>Logs the given message with the given level.</doc>
<status status="NOT RUN" starttime="20250526 14:13:52.186" endtime="20250526 14:13:52.186"/>
</kw>
<kw name="Log" library="BuiltIn">
<arg>RAM Utilisée : ${data["ram_used"]} Mo</arg>
<doc>Logs the given message with the given level.</doc>
<status status="NOT RUN" starttime="20250526 14:13:52.186" endtime="20250526 14:13:52.187"/>
</kw>
<kw name="Log" library="BuiltIn">
<arg>Espace disque total : ${data["disk_total"]} Go</arg>
<doc>Logs the given message with the given level.</doc>
<status status="NOT RUN" starttime="20250526 14:13:52.187" endtime="20250526 14:13:52.187"/>
</kw>
<kw name="Log" library="BuiltIn">
<arg>Espace disque utilisé : ${data["disk_used"]} Go</arg>
<doc>Logs the given message with the given level.</doc>
<status status="NOT RUN" starttime="20250526 14:13:52.187" endtime="20250526 14:13:52.187"/>
</kw>
<kw name="Log To Console" library="BuiltIn">
<arg>Température : ${data["temperature"]} °C , Utilisation CPU : ${data["cpu_usage"]} % , RAM Totale : ${data["ram_total"]} Mo , RAM Utilisée : ${data["ram_used"]} Mo , Espace disque total : ${data["disk_total"]} Go , Espace disque utilisé : ${data["disk_used"]} Go</arg>
<doc>Logs the given message to the console.</doc>
<status status="NOT RUN" starttime="20250526 14:13:52.187" endtime="20250526 14:13:52.187"/>
</kw>
<kw name="Disconnect" library="MQTTLibrary">
<doc>Disconnect from MQTT Broker.</doc>
<status status="NOT RUN" starttime="20250526 14:13:52.187" endtime="20250526 14:13:52.187"/>
</kw>
<doc>Ce cas de test vérifie que le Raspberry Pi publie périodiquement des informations de diagnostic (température, CPU, RAM, disque) via MQTT.</doc>
<status status="FAIL" starttime="20250526 14:13:47.048" endtime="20250526 14:13:52.187">TimeoutError: timed out</status>
</test>
<test id="s1-s1-t2" name="Vérifier État Santé Raspberry" line="26">
<kw name="Connect" library="MQTTLibrary">
<arg>${BROKER_MQTT}</arg>
<arg>${PORT_MQTT}</arg>
<doc>Connect to an MQTT broker. This is a pre-requisite step for publish
and subscribe keywords.</doc>
<msg timestamp="20250526 14:13:52.189" level="INFO">Connecting to 192.168.4.1 at port 1883</msg>
<msg timestamp="20250526 14:13:57.195" level="FAIL">TimeoutError: timed out</msg>
<status status="FAIL" starttime="20250526 14:13:52.189" endtime="20250526 14:13:57.201"/>
</kw>
<kw name="Subscribe" library="MQTTLibrary">
<var>@{messages}</var>
<arg>${TOPIC}</arg>
<arg>qos=${QOS}</arg>
<arg>timeout=${TIMEOUT}</arg>
<arg>limit=${LIMIT}</arg>
<doc>Subscribe to a topic and return a list of message payloads received
    within the specified time.</doc>
<status status="NOT RUN" starttime="20250526 14:13:57.201" endtime="20250526 14:13:57.201"/>
</kw>
<kw name="Length Should Be" library="BuiltIn">
<arg>${messages}</arg>
<arg>1</arg>
<doc>Verifies that the length of the given item is correct.</doc>
<status status="NOT RUN" starttime="20250526 14:13:57.202" endtime="20250526 14:13:57.202"/>
</kw>
<kw name="Set Variable" library="BuiltIn">
<var>${json_string}</var>
<arg>${messages[0]}</arg>
<doc>Returns the given values which can then be assigned to a variables.</doc>
<status status="NOT RUN" starttime="20250526 14:13:57.202" endtime="20250526 14:13:57.202"/>
</kw>
<kw name="Convert String To Json" library="JSONLibrary">
<var>${data}</var>
<arg>${json_string}</arg>
<doc>Convert String to JSON object</doc>
<status status="NOT RUN" starttime="20250526 14:13:57.203" endtime="20250526 14:13:57.203"/>
</kw>
<kw name="Run Keyword If" library="BuiltIn">
<arg>${data["temperature"]} &gt; ${TEMP_LIMIT}</arg>
<arg>Fail</arg>
<arg>Température trop élevée (${data["temperature"]} °C &gt; ${TEMP_LIMIT} °C)</arg>
<doc>Runs the given keyword with the given arguments, if ``condition`` is true.</doc>
<status status="NOT RUN" starttime="20250526 14:13:57.203" endtime="20250526 14:13:57.203"/>
</kw>
<kw name="Run Keyword If" library="BuiltIn">
<arg>${data["cpu_usage"]} &gt; ${CPU_LIMIT}</arg>
<arg>Fail</arg>
<arg>CPU trop sollicitée (${data["cpu_usage"]} % &gt; ${CPU_LIMIT} %)</arg>
<doc>Runs the given keyword with the given arguments, if ``condition`` is true.</doc>
<status status="NOT RUN" starttime="20250526 14:13:57.203" endtime="20250526 14:13:57.204"/>
</kw>
<kw name="Run Keyword If" library="BuiltIn">
<arg>${data["ram_used"]} &gt; ${RAM_USAGE_LIMIT}</arg>
<arg>Fail</arg>
<arg>RAM trop utilisée (${data["ram_used"]} Mo &gt; ${RAM_USAGE_LIMIT} Mo)</arg>
<doc>Runs the given keyword with the given arguments, if ``condition`` is true.</doc>
<status status="NOT RUN" starttime="20250526 14:13:57.204" endtime="20250526 14:13:57.204"/>
</kw>
<kw name="Run Keyword If" library="BuiltIn">
<arg>${data["disk_used"]} &gt; ${DISK_USAGE_LIMIT}</arg>
<arg>Fail</arg>
<arg>Disque presque plein (${data["disk_used"]} Go &gt; ${DISK_USAGE_LIMIT} Go)</arg>
<doc>Runs the given keyword with the given arguments, if ``condition`` is true.</doc>
<status status="NOT RUN" starttime="20250526 14:13:57.204" endtime="20250526 14:13:57.204"/>
</kw>
<doc>Ce cas de test vérifie que les valeurs de diagnostic du Raspberry Pi sont inférieures aux seuils critiques définis.</doc>
<status status="FAIL" starttime="20250526 14:13:52.188" endtime="20250526 14:13:57.205">TimeoutError: timed out</status>
</test>
<status status="FAIL" starttime="20250526 14:13:46.053" endtime="20250526 14:13:57.207"/>
</suite>
<suite id="s1-s2" name="Tests Acces webmin" source="C:\Users\arezgui\Desktop\Test\Test_Auto_HGW\Tests_Acces_webmin.robot">
<test id="s1-s2-t1" name=" Vérifier l'Accès Réussi à Webmin avec Identifiants Valides" line="6">
<kw name="Open a browser" library="SeleniumKeywords">
<arg>${WEBMIN_URL}</arg>
<arg>chrome</arg>
<kw name="Open Browser" library="SeleniumLibrary">
<arg>${url}</arg>
<arg>${browser}</arg>
<doc>Opens a new browser instance to the optional ``url``.</doc>
<msg timestamp="20250526 14:13:57.964" level="INFO">Opening browser 'chrome' to base url 'http://192.168.4.1:10000'.</msg>
<msg timestamp="20250526 14:14:00.462" level="WARN">The chromedriver version (135.0.7049.95) detected in PATH at C:\Users\arezgui\AppData\Local\Programs\Python\Python313\Scripts\chromedriver.exe might not be compatible with the detected chrome version (136.0.7103.114); currently, chromedriver 136.0.7103.113 is recommended for chrome 136.*, so it is advised to delete the driver in PATH and retry</msg>
<msg timestamp="20250526 14:14:52.946" level="INFO" html="true">&lt;/td&gt;&lt;/tr&gt;&lt;tr&gt;&lt;td colspan="3"&gt;&lt;a href="selenium-screenshot-26.png"&gt;&lt;img src="selenium-screenshot-26.png" width="800px"&gt;&lt;/a&gt;</msg>
<msg timestamp="20250526 14:14:52.947" level="FAIL">WebDriverException: Message: unknown error: net::ERR_CONNECTION_TIMED_OUT
  (Session info: chrome=136.0.7103.114)
Stacktrace:
	GetHandleVerifier [0x00007FF6F9B85355+78597]
	GetHandleVerifier [0x00007FF6F9B853B0+78688]
	(No symbol) [0x00007FF6F99391AA]
	(No symbol) [0x00007FF6F9935BA0]
	(No symbol) [0x00007FF6F9926849]
	(No symbol) [0x00007FF6F99285A8]
	(No symbol) [0x00007FF6F9926B56]
	(No symbol) [0x00007FF6F99265D6]
	(No symbol) [0x00007FF6F992629A]
	(No symbol) [0x00007FF6F9923F4A]
	(No symbol) [0x00007FF6F992471C]
	(No symbol) [0x00007FF6F993D07A]
	(No symbol) [0x00007FF6F99E002E]
	(No symbol) [0x00007FF6F99B70EA]
	(No symbol) [0x00007FF6F99DF2BB]
	(No symbol) [0x00007FF6F99B6EC3]
	(No symbol) [0x00007FF6F99803F8]
	(No symbol) [0x00007FF6F9981163]
	GetHandleVerifier [0x00007FF6F9E2EF0D+2870973]
	GetHandleVerifier [0x00007FF6F9E296B8+2848360]
	GetHandleVerifier [0x00007FF6F9E46993+2967875]
	GetHandleVerifier [0x00007FF6F9BA019A+188746]
	GetHandleVerifier [0x00007FF6F9BA847F+222255]
	GetHandleVerifier [0x00007FF6F9B8D2D4+111236]
	GetHandleVerifier [0x00007FF6F9B8D482+111666]
	GetHandleVerifier [0x00007FF6F9B735A9+5465]
	BaseThreadInitThunk [0x00007FF87CD6259D+29]
	RtlUserThreadStart [0x00007FF87E48AF58+40]
</msg>
<status status="FAIL" starttime="20250526 14:13:57.962" endtime="20250526 14:14:53.119"/>
</kw>
<kw name="Maximize Browser Window" library="SeleniumLibrary">
<doc>Maximizes current browser window.</doc>
<status status="NOT RUN" starttime="20250526 14:14:53.119" endtime="20250526 14:14:53.119"/>
</kw>
<status status="FAIL" starttime="20250526 14:13:57.961" endtime="20250526 14:14:53.119"/>
</kw>
<kw name="Click Element" library="SeleniumLibrary">
<arg>xpath://*[@id="details-button"]</arg>
<doc>Click the element identified by ``locator``.</doc>
<status status="NOT RUN" starttime="20250526 14:14:53.119" endtime="20250526 14:14:53.119"/>
</kw>
<kw name="Click Element" library="SeleniumLibrary">
<arg>xpath://*[@id="proceed-link"]</arg>
<doc>Click the element identified by ``locator``.</doc>
<status status="NOT RUN" starttime="20250526 14:14:53.119" endtime="20250526 14:14:53.120"/>
</kw>
<kw name="Input Text Into Selector" library="SeleniumKeywords">
<arg>id=user</arg>
<arg>${USERNAME}</arg>
<status status="NOT RUN" starttime="20250526 14:14:53.120" endtime="20250526 14:14:53.120"/>
</kw>
<kw name="Input Text Into Selector" library="SeleniumKeywords">
<arg>name=pass</arg>
<arg>${PASSWORD}</arg>
<status status="NOT RUN" starttime="20250526 14:14:53.120" endtime="20250526 14:14:53.120"/>
</kw>
<kw name="Click Element" library="SeleniumLibrary">
<arg>xpath://button[@type="submit"]</arg>
<doc>Click the element identified by ``locator``.</doc>
<status status="NOT RUN" starttime="20250526 14:14:53.120" endtime="20250526 14:14:53.120"/>
</kw>
<kw name="Page Should Contain" library="SeleniumLibrary">
<arg>Dashboard</arg>
<doc>Verifies that current page contains ``text``.</doc>
<status status="NOT RUN" starttime="20250526 14:14:53.120" endtime="20250526 14:14:53.120"/>
</kw>
<kw name="Close a Browser" library="SeleniumKeywords">
<status status="NOT RUN" starttime="20250526 14:14:53.120" endtime="20250526 14:14:53.120"/>
</kw>
<doc>Ce cas de tesr vérifie que l'interface Webmin est accessible et fonctionnelle.</doc>
<status status="FAIL" starttime="20250526 14:13:57.960" endtime="20250526 14:14:53.121">WebDriverException: Message: unknown error: net::ERR_CONNECTION_TIMED_OUT
  (Session info: chrome=136.0.7103.114)
Stacktrace:
	GetHandleVerifier [0x00007FF6F9B85355+78597]
	GetHandleVerifier [0x00007FF6F9B853B0+78688]
	(No symbol) [0x00007FF6F99391AA]
	(No symbol) [0x00007FF6F9935BA0]
	(No symbol) [0x00007FF6F9926849]
	(No symbol) [0x00007FF6F99285A8]
	(No symbol) [0x00007FF6F9926B56]
	(No symbol) [0x00007FF6F99265D6]
	(No symbol) [0x00007FF6F992629A]
	(No symbol) [0x00007FF6F9923F4A]
	(No symbol) [0x00007FF6F992471C]
	(No symbol) [0x00007FF6F993D07A]
	(No symbol) [0x00007FF6F99E002E]
	(No symbol) [0x00007FF6F99B70EA]
	(No symbol) [0x00007FF6F99DF2BB]
	(No symbol) [0x00007FF6F99B6EC3]
	(No symbol) [0x00007FF6F99803F8]
	(No symbol) [0x00007FF6F9981163]
	GetHandleVerifier [0x00007FF6F9E2EF0D+2870973]
	GetHandleVerifier [0x00007FF6F9E296B8+2848360]
	GetHandleVerifier [0x00007FF6F9E46993+2967875]
	GetHandleVerifier [0x00007FF6F9BA019A+188746]
	GetHandleVerifier [0x00007FF6F9BA847F+222255]
	GetHandleVerifier [0x00007FF6F9B8D2D4+111236]
	GetHandleVerifier [0x00007FF6F9B8D482+111666]
	GetHandleVerifier [0x00007FF6F9B735A9+5465]
	BaseThreadInitThunk [0x00007FF87CD6259D+29]
	RtlUserThreadStart [0x00007FF87E48AF58+40]
</status>
</test>
<test id="s1-s2-t2" name="Vérifier l'Accès Échoué à Webmin avec Identifiants Invalides" line="16">
<kw name="Open a browser" library="SeleniumKeywords">
<arg>${WEBMIN_URL}</arg>
<arg>chrome</arg>
<kw name="Open Browser" library="SeleniumLibrary">
<arg>${url}</arg>
<arg>${browser}</arg>
<doc>Opens a new browser instance to the optional ``url``.</doc>
<msg timestamp="20250526 14:14:53.124" level="INFO">Opening browser 'chrome' to base url 'http://192.168.4.1:10000'.</msg>
<msg timestamp="20250526 14:14:54.078" level="WARN">The chromedriver version (135.0.7049.95) detected in PATH at C:\Users\arezgui\AppData\Local\Programs\Python\Python313\Scripts\chromedriver.exe might not be compatible with the detected chrome version (136.0.7103.114); currently, chromedriver 136.0.7103.113 is recommended for chrome 136.*, so it is advised to delete the driver in PATH and retry</msg>
<msg timestamp="20250526 14:15:46.328" level="INFO" html="true">&lt;/td&gt;&lt;/tr&gt;&lt;tr&gt;&lt;td colspan="3"&gt;&lt;a href="selenium-screenshot-27.png"&gt;&lt;img src="selenium-screenshot-27.png" width="800px"&gt;&lt;/a&gt;</msg>
<msg timestamp="20250526 14:15:46.328" level="FAIL">WebDriverException: Message: unknown error: net::ERR_CONNECTION_TIMED_OUT
  (Session info: chrome=136.0.7103.114)
Stacktrace:
	GetHandleVerifier [0x00007FF6F9B85355+78597]
	GetHandleVerifier [0x00007FF6F9B853B0+78688]
	(No symbol) [0x00007FF6F99391AA]
	(No symbol) [0x00007FF6F9935BA0]
	(No symbol) [0x00007FF6F9926849]
	(No symbol) [0x00007FF6F99285A8]
	(No symbol) [0x00007FF6F9926B56]
	(No symbol) [0x00007FF6F99265D6]
	(No symbol) [0x00007FF6F992629A]
	(No symbol) [0x00007FF6F9923F4A]
	(No symbol) [0x00007FF6F992471C]
	(No symbol) [0x00007FF6F993D07A]
	(No symbol) [0x00007FF6F99E002E]
	(No symbol) [0x00007FF6F99B70EA]
	(No symbol) [0x00007FF6F99DF2BB]
	(No symbol) [0x00007FF6F99B6EC3]
	(No symbol) [0x00007FF6F99803F8]
	(No symbol) [0x00007FF6F9981163]
	GetHandleVerifier [0x00007FF6F9E2EF0D+2870973]
	GetHandleVerifier [0x00007FF6F9E296B8+2848360]
	GetHandleVerifier [0x00007FF6F9E46993+2967875]
	GetHandleVerifier [0x00007FF6F9BA019A+188746]
	GetHandleVerifier [0x00007FF6F9BA847F+222255]
	GetHandleVerifier [0x00007FF6F9B8D2D4+111236]
	GetHandleVerifier [0x00007FF6F9B8D482+111666]
	GetHandleVerifier [0x00007FF6F9B735A9+5465]
	BaseThreadInitThunk [0x00007FF87CD6259D+29]
	RtlUserThreadStart [0x00007FF87E48AF58+40]
</msg>
<status status="FAIL" starttime="20250526 14:14:53.123" endtime="20250526 14:15:46.333"/>
</kw>
<kw name="Maximize Browser Window" library="SeleniumLibrary">
<doc>Maximizes current browser window.</doc>
<status status="NOT RUN" starttime="20250526 14:15:46.333" endtime="20250526 14:15:46.333"/>
</kw>
<status status="FAIL" starttime="20250526 14:14:53.122" endtime="20250526 14:15:46.333"/>
</kw>
<kw name="Click Element" library="SeleniumLibrary">
<arg>xpath://*[@id="details-button"]</arg>
<doc>Click the element identified by ``locator``.</doc>
<status status="NOT RUN" starttime="20250526 14:15:46.333" endtime="20250526 14:15:46.333"/>
</kw>
<kw name="Click Element" library="SeleniumLibrary">
<arg>xpath://*[@id="proceed-link"]</arg>
<doc>Click the element identified by ``locator``.</doc>
<status status="NOT RUN" starttime="20250526 14:15:46.333" endtime="20250526 14:15:46.333"/>
</kw>
<kw name="Input Text Into Selector" library="SeleniumKeywords">
<arg>id=user</arg>
<arg>${INVALID_USER}</arg>
<status status="NOT RUN" starttime="20250526 14:15:46.333" endtime="20250526 14:15:46.334"/>
</kw>
<kw name="Input Text Into Selector" library="SeleniumKeywords">
<arg>name=pass</arg>
<arg>${INVALID_PASS}</arg>
<status status="NOT RUN" starttime="20250526 14:15:46.334" endtime="20250526 14:15:46.334"/>
</kw>
<kw name="Click Element" library="SeleniumLibrary">
<arg>xpath://button[@type="submit"]</arg>
<doc>Click the element identified by ``locator``.</doc>
<status status="NOT RUN" starttime="20250526 14:15:46.334" endtime="20250526 14:15:46.334"/>
</kw>
<kw name="Page Should Contain" library="SeleniumLibrary">
<arg>Login failed. Please try again.</arg>
<doc>Verifies that current page contains ``text``.</doc>
<status status="NOT RUN" starttime="20250526 14:15:46.334" endtime="20250526 14:15:46.334"/>
</kw>
<kw name="Close a Browser" library="SeleniumKeywords">
<status status="NOT RUN" starttime="20250526 14:15:46.334" endtime="20250526 14:15:46.334"/>
</kw>
<doc>Ce cas de test vérifie qu’un message d’erreur s’affiche lors d’une tentative de connexion avec des identifiants invalides.</doc>
<status status="FAIL" starttime="20250526 14:14:53.121" endtime="20250526 14:15:46.334">WebDriverException: Message: unknown error: net::ERR_CONNECTION_TIMED_OUT
  (Session info: chrome=136.0.7103.114)
Stacktrace:
	GetHandleVerifier [0x00007FF6F9B85355+78597]
	GetHandleVerifier [0x00007FF6F9B853B0+78688]
	(No symbol) [0x00007FF6F99391AA]
	(No symbol) [0x00007FF6F9935BA0]
	(No symbol) [0x00007FF6F9926849]
	(No symbol) [0x00007FF6F99285A8]
	(No symbol) [0x00007FF6F9926B56]
	(No symbol) [0x00007FF6F99265D6]
	(No symbol) [0x00007FF6F992629A]
	(No symbol) [0x00007FF6F9923F4A]
	(No symbol) [0x00007FF6F992471C]
	(No symbol) [0x00007FF6F993D07A]
	(No symbol) [0x00007FF6F99E002E]
	(No symbol) [0x00007FF6F99B70EA]
	(No symbol) [0x00007FF6F99DF2BB]
	(No symbol) [0x00007FF6F99B6EC3]
	(No symbol) [0x00007FF6F99803F8]
	(No symbol) [0x00007FF6F9981163]
	GetHandleVerifier [0x00007FF6F9E2EF0D+2870973]
	GetHandleVerifier [0x00007FF6F9E296B8+2848360]
	GetHandleVerifier [0x00007FF6F9E46993+2967875]
	GetHandleVerifier [0x00007FF6F9BA019A+188746]
	GetHandleVerifier [0x00007FF6F9BA847F+222255]
	GetHandleVerifier [0x00007FF6F9B8D2D4+111236]
	GetHandleVerifier [0x00007FF6F9B8D482+111666]
	GetHandleVerifier [0x00007FF6F9B735A9+5465]
	BaseThreadInitThunk [0x00007FF87CD6259D+29]
	RtlUserThreadStart [0x00007FF87E48AF58+40]
</status>
</test>
<status status="FAIL" starttime="20250526 14:13:57.209" endtime="20250526 14:15:46.335"/>
</suite>
<suite id="s1-s3" name="Tests Attribution ip automatique" source="C:\Users\arezgui\Desktop\Test\Test_Auto_HGW\Tests_Attribution_ip_automatique.robot">
<test id="s1-s3-t1" name="Vérifier l'attribution automatique d'adresse IP aux appareils connectés" line="8">
<kw name="OPEN SSH SESSION" library="ssh_keywords">
<arg>${HOST}</arg>
<arg>${PORT}</arg>
<arg>${USERNAME}</arg>
<arg>${PASSWORD}</arg>
<kw name="Open Connection" library="SSHLibrary">
<arg>${HOST}</arg>
<arg>port=${PORT}</arg>
<doc>Opens a new SSH connection to the given ``host`` and ``port``.</doc>
<status status="PASS" starttime="20250526 14:15:47.001" endtime="20250526 14:15:47.002"/>
</kw>
<kw name="Login" library="SSHLibrary">
<arg>${USER}</arg>
<arg>${PASSWORD}</arg>
<doc>Logs into the SSH server with the given ``username`` and ``password``.</doc>
<msg timestamp="20250526 14:15:47.002" level="INFO">Logging into '192.168.4.1:22' as 'pi4'.</msg>
<msg timestamp="20250526 14:15:50.008" level="FAIL">TimeoutError: timed out</msg>
<status status="FAIL" starttime="20250526 14:15:47.002" endtime="20250526 14:15:50.147"/>
</kw>
<status status="FAIL" starttime="20250526 14:15:47.001" endtime="20250526 14:15:50.148"/>
</kw>
<kw name="EXECUTE SSH COMMAND" library="ssh_keywords">
<var>${leases}</var>
<arg>cat /var/lib/misc/dnsmasq.leases</arg>
<status status="NOT RUN" starttime="20250526 14:15:50.148" endtime="20250526 14:15:50.148"/>
</kw>
<kw name="Should Contain" library="BuiltIn">
<arg>${leases}</arg>
<arg>${MAC}</arg>
<doc>Fails if ``container`` does not contain ``item`` one or more times.</doc>
<status status="NOT RUN" starttime="20250526 14:15:50.148" endtime="20250526 14:15:50.148"/>
</kw>
<kw name="Should Contain" library="BuiltIn">
<arg>${leases}</arg>
<arg>192.168.4.</arg>
<doc>Fails if ``container`` does not contain ``item`` one or more times.</doc>
<status status="NOT RUN" starttime="20250526 14:15:50.148" endtime="20250526 14:15:50.148"/>
</kw>
<kw name="CLOSE SSH SESSION" library="ssh_keywords">
<status status="NOT RUN" starttime="20250526 14:15:50.148" endtime="20250526 14:15:50.148"/>
</kw>
<doc>Ce cas de test vérifie que le service DHCP attribue correctement une adresse IP à un appareil connecté.</doc>
<status status="FAIL" starttime="20250526 14:15:47.000" endtime="20250526 14:15:50.149">TimeoutError: timed out</status>
</test>
<status status="FAIL" starttime="20250526 14:15:46.336" endtime="20250526 14:15:50.149"/>
</suite>
<suite id="s1-s4" name="Tests Connectivité" source="C:\Users\arezgui\Desktop\Test\Test_Auto_HGW\Tests_Connectivité.robot">
<test id="s1-s4-t1" name="Vérifier que le point d'accès est actif" line="6">
<kw name="OPEN SSH SESSION" library="ssh_keywords">
<arg>${HOST}</arg>
<arg>${PORT}</arg>
<arg>${USERNAME}</arg>
<arg>${PASSWORD}</arg>
<kw name="Open Connection" library="SSHLibrary">
<arg>${HOST}</arg>
<arg>port=${PORT}</arg>
<doc>Opens a new SSH connection to the given ``host`` and ``port``.</doc>
<status status="PASS" starttime="20250526 14:15:50.157" endtime="20250526 14:15:50.158"/>
</kw>
<kw name="Login" library="SSHLibrary">
<arg>${USER}</arg>
<arg>${PASSWORD}</arg>
<doc>Logs into the SSH server with the given ``username`` and ``password``.</doc>
<msg timestamp="20250526 14:15:50.158" level="INFO">Logging into '192.168.4.1:22' as 'pi4'.</msg>
<msg timestamp="20250526 14:15:53.174" level="FAIL">TimeoutError: timed out</msg>
<status status="FAIL" starttime="20250526 14:15:50.158" endtime="20250526 14:15:53.181"/>
</kw>
<status status="FAIL" starttime="20250526 14:15:50.156" endtime="20250526 14:15:53.181"/>
</kw>
<kw name="EXECUTE SSH COMMAND" library="ssh_keywords">
<var>${output}</var>
<arg>/sbin/iw dev</arg>
<status status="NOT RUN" starttime="20250526 14:15:53.182" endtime="20250526 14:15:53.182"/>
</kw>
<kw name="Should Contain" library="BuiltIn">
<arg>${output}</arg>
<arg>type AP</arg>
<doc>Fails if ``container`` does not contain ``item`` one or more times.</doc>
<status status="NOT RUN" starttime="20250526 14:15:53.182" endtime="20250526 14:15:53.182"/>
</kw>
<kw name="CLOSE SSH SESSION" library="ssh_keywords">
<status status="NOT RUN" starttime="20250526 14:15:53.182" endtime="20250526 14:15:53.182"/>
</kw>
<doc>Ce cas de test vérifie que l'interface WiFi du Raspberry Pi est en mode Point d'Accès</doc>
<status status="FAIL" starttime="20250526 14:15:50.156" endtime="20250526 14:15:53.183">TimeoutError: timed out</status>
</test>
<test id="s1-s4-t2" name="Vérifier que l'interface Ethernet est active" line="13">
<kw name="OPEN SSH SESSION" library="ssh_keywords">
<arg>${HOST}</arg>
<arg>${PORT}</arg>
<arg>${USERNAME}</arg>
<arg>${PASSWORD}</arg>
<kw name="Open Connection" library="SSHLibrary">
<arg>${HOST}</arg>
<arg>port=${PORT}</arg>
<doc>Opens a new SSH connection to the given ``host`` and ``port``.</doc>
<status status="PASS" starttime="20250526 14:15:53.185" endtime="20250526 14:15:53.186"/>
</kw>
<kw name="Login" library="SSHLibrary">
<arg>${USER}</arg>
<arg>${PASSWORD}</arg>
<doc>Logs into the SSH server with the given ``username`` and ``password``.</doc>
<msg timestamp="20250526 14:15:53.187" level="INFO">Logging into '192.168.4.1:22' as 'pi4'.</msg>
<msg timestamp="20250526 14:15:56.189" level="FAIL">TimeoutError: timed out</msg>
<status status="FAIL" starttime="20250526 14:15:53.186" endtime="20250526 14:15:56.192"/>
</kw>
<status status="FAIL" starttime="20250526 14:15:53.184" endtime="20250526 14:15:56.192"/>
</kw>
<kw name="Execute Command" library="SSHLibrary">
<var>${etat}</var>
<arg>cat /sys/class/net/eth0/operstate</arg>
<doc>Executes ``command`` on the remote machine and returns its outputs.</doc>
<status status="NOT RUN" starttime="20250526 14:15:56.192" endtime="20250526 14:15:56.193"/>
</kw>
<kw name="Should Be Equal" library="BuiltIn">
<arg>${etat.strip()}</arg>
<arg>up</arg>
<doc>Fails if the given objects are unequal.</doc>
<status status="NOT RUN" starttime="20250526 14:15:56.193" endtime="20250526 14:15:56.193"/>
</kw>
<kw name="CLOSE SSH SESSION" library="ssh_keywords">
<status status="NOT RUN" starttime="20250526 14:15:56.193" endtime="20250526 14:15:56.193"/>
</kw>
<doc>Ce cas de test vérifie que l'interface Ethernet du Raspberry Pi est active et fonctionnelle.</doc>
<status status="FAIL" starttime="20250526 14:15:53.183" endtime="20250526 14:15:56.193">TimeoutError: timed out</status>
</test>
<test id="s1-s4-t3" name="Vérifier l'accès Internet via Ethernet" line="20">
<kw name="OPEN SSH SESSION" library="ssh_keywords">
<arg>${HOST}</arg>
<arg>${PORT}</arg>
<arg>${USERNAME}</arg>
<arg>${PASSWORD}</arg>
<kw name="Open Connection" library="SSHLibrary">
<arg>${HOST}</arg>
<arg>port=${PORT}</arg>
<doc>Opens a new SSH connection to the given ``host`` and ``port``.</doc>
<status status="PASS" starttime="20250526 14:15:56.195" endtime="20250526 14:15:56.195"/>
</kw>
<kw name="Login" library="SSHLibrary">
<arg>${USER}</arg>
<arg>${PASSWORD}</arg>
<doc>Logs into the SSH server with the given ``username`` and ``password``.</doc>
<msg timestamp="20250526 14:15:56.196" level="INFO">Logging into '192.168.4.1:22' as 'pi4'.</msg>
<msg timestamp="20250526 14:15:59.204" level="FAIL">TimeoutError: timed out</msg>
<status status="FAIL" starttime="20250526 14:15:56.195" endtime="20250526 14:15:59.210"/>
</kw>
<status status="FAIL" starttime="20250526 14:15:56.194" endtime="20250526 14:15:59.211"/>
</kw>
<kw name="Execute Command" library="SSHLibrary">
<var>${output}</var>
<arg>ping -c 3 8.8.8.8</arg>
<doc>Executes ``command`` on the remote machine and returns its outputs.</doc>
<status status="NOT RUN" starttime="20250526 14:15:59.211" endtime="20250526 14:15:59.211"/>
</kw>
<kw name="Should Contain" library="BuiltIn">
<arg>${output}</arg>
<arg>bytes from</arg>
<doc>Fails if ``container`` does not contain ``item`` one or more times.</doc>
<status status="NOT RUN" starttime="20250526 14:15:59.212" endtime="20250526 14:15:59.212"/>
</kw>
<kw name="CLOSE SSH SESSION" library="ssh_keywords">
<status status="NOT RUN" starttime="20250526 14:15:59.212" endtime="20250526 14:15:59.212"/>
</kw>
<doc>Ce cas de test vérifie que le Raspberry Pi a un accès à Internet via l'interface Ethernet.</doc>
<status status="FAIL" starttime="20250526 14:15:56.194" endtime="20250526 14:15:59.213">TimeoutError: timed out</status>
</test>
<test id="s1-s4-t4" name="Vérifier qu'un appareil spécifique est connecté en temps réel" line="27">
<kw name="OPEN SSH SESSION" library="ssh_keywords">
<arg>${HOST}</arg>
<arg>${PORT}</arg>
<arg>${USERNAME}</arg>
<arg>${PASSWORD}</arg>
<kw name="Open Connection" library="SSHLibrary">
<arg>${HOST}</arg>
<arg>port=${PORT}</arg>
<doc>Opens a new SSH connection to the given ``host`` and ``port``.</doc>
<status status="PASS" starttime="20250526 14:15:59.217" endtime="20250526 14:15:59.218"/>
</kw>
<kw name="Login" library="SSHLibrary">
<arg>${USER}</arg>
<arg>${PASSWORD}</arg>
<doc>Logs into the SSH server with the given ``username`` and ``password``.</doc>
<msg timestamp="20250526 14:15:59.219" level="INFO">Logging into '192.168.4.1:22' as 'pi4'.</msg>
<msg timestamp="20250526 14:16:02.220" level="FAIL">TimeoutError: timed out</msg>
<status status="FAIL" starttime="20250526 14:15:59.218" endtime="20250526 14:16:02.224"/>
</kw>
<status status="FAIL" starttime="20250526 14:15:59.215" endtime="20250526 14:16:02.224"/>
</kw>
<kw name="EXECUTE SSH COMMAND" library="ssh_keywords">
<var>${output}</var>
<arg>/sbin/iw dev wlan0 station dump</arg>
<status status="NOT RUN" starttime="20250526 14:16:02.225" endtime="20250526 14:16:02.225"/>
</kw>
<kw name="Log" library="BuiltIn">
<arg>${output}</arg>
<doc>Logs the given message with the given level.</doc>
<status status="NOT RUN" starttime="20250526 14:16:02.225" endtime="20250526 14:16:02.225"/>
</kw>
<kw name="Should Contain" library="BuiltIn">
<arg>${output}</arg>
<arg>60:f2:62:77:04:34</arg>
<doc>Fails if ``container`` does not contain ``item`` one or more times.</doc>
<status status="NOT RUN" starttime="20250526 14:16:02.225" endtime="20250526 14:16:02.226"/>
</kw>
<kw name="CLOSE SSH SESSION" library="ssh_keywords">
<status status="NOT RUN" starttime="20250526 14:16:02.226" endtime="20250526 14:16:02.226"/>
</kw>
<doc>Ce cas de test vérifie que l'appareil dont l'adresse MAC est 60:f2:62:77:04:34 est bien connecté en temps réel au point d'accès WiFi du Raspberry Pi.</doc>
<status status="FAIL" starttime="20250526 14:15:59.213" endtime="20250526 14:16:02.226">TimeoutError: timed out</status>
</test>
<status status="FAIL" starttime="20250526 14:15:50.150" endtime="20250526 14:16:02.227"/>
</suite>
<suite id="s1-s5" name="Tests Etat du systeme" source="C:\Users\arezgui\Desktop\Test\Test_Auto_HGW\Tests_Etat_du_systeme.robot">
<test id="s1-s5-t1" name="Vérifier l'État du Système" line="6">
<kw name="Open a browser" library="SeleniumKeywords">
<arg>${WEBMIN_URL}</arg>
<arg>chrome</arg>
<kw name="Open Browser" library="SeleniumLibrary">
<arg>${url}</arg>
<arg>${browser}</arg>
<doc>Opens a new browser instance to the optional ``url``.</doc>
<msg timestamp="20250526 14:16:02.241" level="INFO">Opening browser 'chrome' to base url 'http://192.168.4.1:10000'.</msg>
<msg timestamp="20250526 14:16:03.192" level="WARN">The chromedriver version (135.0.7049.95) detected in PATH at C:\Users\arezgui\AppData\Local\Programs\Python\Python313\Scripts\chromedriver.exe might not be compatible with the detected chrome version (136.0.7103.114); currently, chromedriver 136.0.7103.113 is recommended for chrome 136.*, so it is advised to delete the driver in PATH and retry</msg>
<msg timestamp="20250526 14:17:17.074" level="INFO" html="true">&lt;/td&gt;&lt;/tr&gt;&lt;tr&gt;&lt;td colspan="3"&gt;&lt;a href="selenium-screenshot-28.png"&gt;&lt;img src="selenium-screenshot-28.png" width="800px"&gt;&lt;/a&gt;</msg>
<msg timestamp="20250526 14:17:17.074" level="FAIL">WebDriverException: Message: unknown error: net::ERR_CONNECTION_TIMED_OUT
  (Session info: chrome=136.0.7103.114)
Stacktrace:
	GetHandleVerifier [0x00007FF6F9B85355+78597]
	GetHandleVerifier [0x00007FF6F9B853B0+78688]
	(No symbol) [0x00007FF6F99391AA]
	(No symbol) [0x00007FF6F9935BA0]
	(No symbol) [0x00007FF6F9926849]
	(No symbol) [0x00007FF6F99285A8]
	(No symbol) [0x00007FF6F9926B56]
	(No symbol) [0x00007FF6F99265D6]
	(No symbol) [0x00007FF6F992629A]
	(No symbol) [0x00007FF6F9923F4A]
	(No symbol) [0x00007FF6F992471C]
	(No symbol) [0x00007FF6F993D07A]
	(No symbol) [0x00007FF6F99E002E]
	(No symbol) [0x00007FF6F99B70EA]
	(No symbol) [0x00007FF6F99DF2BB]
	(No symbol) [0x00007FF6F99B6EC3]
	(No symbol) [0x00007FF6F99803F8]
	(No symbol) [0x00007FF6F9981163]
	GetHandleVerifier [0x00007FF6F9E2EF0D+2870973]
	GetHandleVerifier [0x00007FF6F9E296B8+2848360]
	GetHandleVerifier [0x00007FF6F9E46993+2967875]
	GetHandleVerifier [0x00007FF6F9BA019A+188746]
	GetHandleVerifier [0x00007FF6F9BA847F+222255]
	GetHandleVerifier [0x00007FF6F9B8D2D4+111236]
	GetHandleVerifier [0x00007FF6F9B8D482+111666]
	GetHandleVerifier [0x00007FF6F9B735A9+5465]
	BaseThreadInitThunk [0x00007FF87CD6259D+29]
	RtlUserThreadStart [0x00007FF87E48AF58+40]
</msg>
<status status="FAIL" starttime="20250526 14:16:02.240" endtime="20250526 14:17:17.077"/>
</kw>
<kw name="Maximize Browser Window" library="SeleniumLibrary">
<doc>Maximizes current browser window.</doc>
<status status="NOT RUN" starttime="20250526 14:17:17.077" endtime="20250526 14:17:17.077"/>
</kw>
<status status="FAIL" starttime="20250526 14:16:02.239" endtime="20250526 14:17:17.077"/>
</kw>
<kw name="Click Element" library="SeleniumLibrary">
<arg>xpath://*[@id="details-button"]</arg>
<doc>Click the element identified by ``locator``.</doc>
<status status="NOT RUN" starttime="20250526 14:17:17.077" endtime="20250526 14:17:17.077"/>
</kw>
<kw name="Click Element" library="SeleniumLibrary">
<arg>xpath://*[@id="proceed-link"]</arg>
<doc>Click the element identified by ``locator``.</doc>
<status status="NOT RUN" starttime="20250526 14:17:17.078" endtime="20250526 14:17:17.078"/>
</kw>
<kw name="Input Text Into Selector" library="SeleniumKeywords">
<arg>id=user</arg>
<arg>${USERNAME}</arg>
<status status="NOT RUN" starttime="20250526 14:17:17.078" endtime="20250526 14:17:17.078"/>
</kw>
<kw name="Input Text Into Selector" library="SeleniumKeywords">
<arg>name=pass</arg>
<arg>${PASSWORD}</arg>
<status status="NOT RUN" starttime="20250526 14:17:17.078" endtime="20250526 14:17:17.078"/>
</kw>
<kw name="Click Element" library="SeleniumLibrary">
<arg>xpath://button[@type="submit"]</arg>
<doc>Click the element identified by ``locator``.</doc>
<status status="NOT RUN" starttime="20250526 14:17:17.078" endtime="20250526 14:17:17.078"/>
</kw>
<kw name="Page Should Contain" library="SeleniumLibrary">
<arg>Dashboard</arg>
<doc>Verifies that current page contains ``text``.</doc>
<status status="NOT RUN" starttime="20250526 14:17:17.078" endtime="20250526 14:17:17.078"/>
</kw>
<kw name="Get Text From Selector" library="SeleniumKeywords">
<var>${cpu_raw}</var>
<arg>xpath://*[@id="system-status"]/div[2]/div[1]/div[1]/span</arg>
<status status="NOT RUN" starttime="20250526 14:17:17.078" endtime="20250526 14:17:17.078"/>
</kw>
<kw name="Get Text From Selector" library="SeleniumKeywords">
<var>${memory_raw}</var>
<arg>xpath://*[@id="system-status"]/div[2]/div[1]/div[2]/span</arg>
<status status="NOT RUN" starttime="20250526 14:17:17.079" endtime="20250526 14:17:17.079"/>
</kw>
<kw name="Get Text From Selector" library="SeleniumKeywords">
<var>${disk_raw}</var>
<arg>xpath://*[@id="system-status"]/div[2]/div[1]/div[4]/span</arg>
<status status="NOT RUN" starttime="20250526 14:17:17.079" endtime="20250526 14:17:17.079"/>
</kw>
<kw name="Evaluate" library="BuiltIn">
<var>${cpu_clean}</var>
<arg>"".join(filter(str.isdigit, """${cpu_raw}"""))</arg>
<arg>modules=re</arg>
<doc>Evaluates the given expression in Python and returns the result.</doc>
<status status="NOT RUN" starttime="20250526 14:17:17.079" endtime="20250526 14:17:17.079"/>
</kw>
<kw name="Evaluate" library="BuiltIn">
<var>${memory_clean}</var>
<arg>"".join(filter(str.isdigit, """${memory_raw}"""))</arg>
<arg>modules=re</arg>
<doc>Evaluates the given expression in Python and returns the result.</doc>
<status status="NOT RUN" starttime="20250526 14:17:17.080" endtime="20250526 14:17:17.080"/>
</kw>
<kw name="Evaluate" library="BuiltIn">
<var>${disk_clean}</var>
<arg>"".join(filter(str.isdigit, """${disk_raw}"""))</arg>
<arg>modules=re</arg>
<doc>Evaluates the given expression in Python and returns the result.</doc>
<status status="NOT RUN" starttime="20250526 14:17:17.080" endtime="20250526 14:17:17.080"/>
</kw>
<kw name="Convert To Integer" library="BuiltIn">
<var>${cpu_usage}</var>
<arg>${cpu_clean}</arg>
<doc>Converts the given item to an integer number.</doc>
<status status="NOT RUN" starttime="20250526 14:17:17.080" endtime="20250526 14:17:17.080"/>
</kw>
<kw name="Convert To Integer" library="BuiltIn">
<var>${memory_usage}</var>
<arg>${memory_clean}</arg>
<doc>Converts the given item to an integer number.</doc>
<status status="NOT RUN" starttime="20250526 14:17:17.081" endtime="20250526 14:17:17.081"/>
</kw>
<kw name="Convert To Integer" library="BuiltIn">
<var>${disk_usage}</var>
<arg>${disk_clean}</arg>
<doc>Converts the given item to an integer number.</doc>
<status status="NOT RUN" starttime="20250526 14:17:17.081" endtime="20250526 14:17:17.081"/>
</kw>
<kw name="Log" library="BuiltIn">
<arg>Charge CPU : ${cpu_usage} %</arg>
<doc>Logs the given message with the given level.</doc>
<status status="NOT RUN" starttime="20250526 14:17:17.081" endtime="20250526 14:17:17.081"/>
</kw>
<kw name="Log" library="BuiltIn">
<arg>Utilisation mémoire : ${memory_usage} %</arg>
<doc>Logs the given message with the given level.</doc>
<status status="NOT RUN" starttime="20250526 14:17:17.081" endtime="20250526 14:17:17.081"/>
</kw>
<kw name="Log" library="BuiltIn">
<arg>Utilisation disque : ${disk_usage} %</arg>
<doc>Logs the given message with the given level.</doc>
<status status="NOT RUN" starttime="20250526 14:17:17.081" endtime="20250526 14:17:17.082"/>
</kw>
<kw name="Run Keyword If" library="BuiltIn">
<arg>${cpu_usage} &gt;= ${MAX_CPU_USAGE}</arg>
<arg>Fail</arg>
<arg>La charge CPU dépasse 80%.</arg>
<doc>Runs the given keyword with the given arguments, if ``condition`` is true.</doc>
<status status="NOT RUN" starttime="20250526 14:17:17.082" endtime="20250526 14:17:17.082"/>
</kw>
<kw name="Run Keyword If" library="BuiltIn">
<arg>${memory_usage} &gt;= ${MAX_MEMORY_USAGE}</arg>
<arg>Fail</arg>
<arg>L'utilisation mémoire dépasse 90%.</arg>
<doc>Runs the given keyword with the given arguments, if ``condition`` is true.</doc>
<status status="NOT RUN" starttime="20250526 14:17:17.082" endtime="20250526 14:17:17.082"/>
</kw>
<kw name="Run Keyword If" library="BuiltIn">
<arg>${disk_usage} &gt;= ${MAX_DISK_USAGE}</arg>
<arg>Fail</arg>
<arg>L'utilisation du disque dépasse 90%.</arg>
<doc>Runs the given keyword with the given arguments, if ``condition`` is true.</doc>
<status status="NOT RUN" starttime="20250526 14:17:17.082" endtime="20250526 14:17:17.082"/>
</kw>
<kw name="Close a Browser" library="SeleniumKeywords">
<status status="NOT RUN" starttime="20250526 14:17:17.082" endtime="20250526 14:17:17.082"/>
</kw>
<doc>Ce cas de test vérifie que les informations sur l'état du système sont correctement récupérées depuis webmin et respectent les seuils définis</doc>
<status status="FAIL" starttime="20250526 14:16:02.237" endtime="20250526 14:17:17.083">WebDriverException: Message: unknown error: net::ERR_CONNECTION_TIMED_OUT
  (Session info: chrome=136.0.7103.114)
Stacktrace:
	GetHandleVerifier [0x00007FF6F9B85355+78597]
	GetHandleVerifier [0x00007FF6F9B853B0+78688]
	(No symbol) [0x00007FF6F99391AA]
	(No symbol) [0x00007FF6F9935BA0]
	(No symbol) [0x00007FF6F9926849]
	(No symbol) [0x00007FF6F99285A8]
	(No symbol) [0x00007FF6F9926B56]
	(No symbol) [0x00007FF6F99265D6]
	(No symbol) [0x00007FF6F992629A]
	(No symbol) [0x00007FF6F9923F4A]
	(No symbol) [0x00007FF6F992471C]
	(No symbol) [0x00007FF6F993D07A]
	(No symbol) [0x00007FF6F99E002E]
	(No symbol) [0x00007FF6F99B70EA]
	(No symbol) [0x00007FF6F99DF2BB]
	(No symbol) [0x00007FF6F99B6EC3]
	(No symbol) [0x00007FF6F99803F8]
	(No symbol) [0x00007FF6F9981163]
	GetHandleVerifier [0x00007FF6F9E2EF0D+2870973]
	GetHandleVerifier [0x00007FF6F9E296B8+2848360]
	GetHandleVerifier [0x00007FF6F9E46993+2967875]
	GetHandleVerifier [0x00007FF6F9BA019A+188746]
	GetHandleVerifier [0x00007FF6F9BA847F+222255]
	GetHandleVerifier [0x00007FF6F9B8D2D4+111236]
	GetHandleVerifier [0x00007FF6F9B8D482+111666]
	GetHandleVerifier [0x00007FF6F9B735A9+5465]
	BaseThreadInitThunk [0x00007FF87CD6259D+29]
	RtlUserThreadStart [0x00007FF87E48AF58+40]
</status>
</test>
<status status="FAIL" starttime="20250526 14:16:02.228" endtime="20250526 14:17:17.084"/>
</suite>
<suite id="s1-s6" name="Tests Firewall" source="C:\Users\arezgui\Desktop\Test\Test_Auto_HGW\Tests_Firewall.robot">
<test id="s1-s6-t1" name="Test Block HTTPS Access" line="8">
<kw name="OPEN SSH SESSION" library="ssh_keywords">
<arg>${HOST}</arg>
<arg>${PORT}</arg>
<arg>${USERNAME}</arg>
<arg>${PASSWORD}</arg>
<kw name="Open Connection" library="SSHLibrary">
<arg>${HOST}</arg>
<arg>port=${PORT}</arg>
<doc>Opens a new SSH connection to the given ``host`` and ``port``.</doc>
<status status="PASS" starttime="20250526 14:17:17.092" endtime="20250526 14:17:17.093"/>
</kw>
<kw name="Login" library="SSHLibrary">
<arg>${USER}</arg>
<arg>${PASSWORD}</arg>
<doc>Logs into the SSH server with the given ``username`` and ``password``.</doc>
<msg timestamp="20250526 14:17:17.093" level="INFO">Logging into '192.168.4.1:22' as 'pi4'.</msg>
<msg timestamp="20250526 14:17:20.095" level="FAIL">TimeoutError: timed out</msg>
<status status="FAIL" starttime="20250526 14:17:17.093" endtime="20250526 14:17:20.105"/>
</kw>
<status status="FAIL" starttime="20250526 14:17:17.092" endtime="20250526 14:17:20.105"/>
</kw>
<kw name="EXECUTE SSH COMMAND" library="ssh_keywords">
<arg>sudo iptables -D FORWARD -p tcp --dport 443 -s ${TARGET_IP} -j DROP</arg>
<status status="NOT RUN" starttime="20250526 14:17:20.105" endtime="20250526 14:17:20.106"/>
</kw>
<kw name="Sleep" library="BuiltIn">
<arg>2s</arg>
<doc>Pauses the test executed for the given time.</doc>
<status status="NOT RUN" starttime="20250526 14:17:20.106" endtime="20250526 14:17:20.106"/>
</kw>
<kw name="CLOSE SSH SESSION" library="ssh_keywords">
<status status="NOT RUN" starttime="20250526 14:17:20.106" endtime="20250526 14:17:20.106"/>
</kw>
<kw name="OPEN SSH SESSION" library="ssh_keywords">
<arg>${HOST}</arg>
<arg>${PORT}</arg>
<arg>${USERNAME}</arg>
<arg>${PASSWORD}</arg>
<status status="NOT RUN" starttime="20250526 14:17:20.106" endtime="20250526 14:17:20.106"/>
</kw>
<kw name="EXECUTE SSH COMMAND" library="ssh_keywords">
<arg>sudo iptables -I FORWARD 1 -p tcp --dport 443 -s ${TARGET_IP} -j DROP</arg>
<status status="NOT RUN" starttime="20250526 14:17:20.107" endtime="20250526 14:17:20.107"/>
</kw>
<kw name="Sleep" library="BuiltIn">
<arg>5s</arg>
<doc>Pauses the test executed for the given time.</doc>
<status status="NOT RUN" starttime="20250526 14:17:20.107" endtime="20250526 14:17:20.107"/>
</kw>
<kw name="CLOSE SSH SESSION" library="ssh_keywords">
<status status="NOT RUN" starttime="20250526 14:17:20.107" endtime="20250526 14:17:20.107"/>
</kw>
<kw name="Open a browser" library="SeleniumKeywords">
<arg>${URL}</arg>
<arg>Chrome</arg>
<status status="NOT RUN" starttime="20250526 14:17:20.107" endtime="20250526 14:17:20.107"/>
</kw>
<kw name="Wait Until Page Contains" library="SeleniumLibrary">
<arg>Ce site est inaccessible</arg>
<arg>timeout=100s</arg>
<doc>Waits until ``text`` appears on the current page.</doc>
<status status="NOT RUN" starttime="20250526 14:17:20.108" endtime="20250526 14:17:20.108"/>
</kw>
<kw name="Close a Browser" library="SeleniumKeywords">
<status status="NOT RUN" starttime="20250526 14:17:20.108" endtime="20250526 14:17:20.108"/>
</kw>
<status status="FAIL" starttime="20250526 14:17:17.092" endtime="20250526 14:17:20.108">TimeoutError: timed out</status>
</test>
<test id="s1-s6-t2" name="Test Unblock HTTPS Access" line="26">
<kw name="OPEN SSH SESSION" library="ssh_keywords">
<arg>${HOST}</arg>
<arg>${PORT}</arg>
<arg>${USERNAME}</arg>
<arg>${PASSWORD}</arg>
<kw name="Open Connection" library="SSHLibrary">
<arg>${HOST}</arg>
<arg>port=${PORT}</arg>
<doc>Opens a new SSH connection to the given ``host`` and ``port``.</doc>
<status status="PASS" starttime="20250526 14:17:20.111" endtime="20250526 14:17:20.112"/>
</kw>
<kw name="Login" library="SSHLibrary">
<arg>${USER}</arg>
<arg>${PASSWORD}</arg>
<doc>Logs into the SSH server with the given ``username`` and ``password``.</doc>
<msg timestamp="20250526 14:17:20.112" level="INFO">Logging into '192.168.4.1:22' as 'pi4'.</msg>
<msg timestamp="20250526 14:17:23.116" level="FAIL">TimeoutError: timed out</msg>
<status status="FAIL" starttime="20250526 14:17:20.112" endtime="20250526 14:17:23.121"/>
</kw>
<status status="FAIL" starttime="20250526 14:17:20.110" endtime="20250526 14:17:23.121"/>
</kw>
<kw name="EXECUTE SSH COMMAND" library="ssh_keywords">
<arg>sudo iptables -D FORWARD -p tcp --dport 443 -s ${TARGET_IP} -j DROP</arg>
<status status="NOT RUN" starttime="20250526 14:17:23.122" endtime="20250526 14:17:23.122"/>
</kw>
<kw name="Sleep" library="BuiltIn">
<arg>5s</arg>
<doc>Pauses the test executed for the given time.</doc>
<status status="NOT RUN" starttime="20250526 14:17:23.122" endtime="20250526 14:17:23.122"/>
</kw>
<kw name="CLOSE SSH SESSION" library="ssh_keywords">
<status status="NOT RUN" starttime="20250526 14:17:23.122" endtime="20250526 14:17:23.123"/>
</kw>
<kw name="Open a browser" library="SeleniumKeywords">
<arg>${URL}</arg>
<arg>Chrome</arg>
<status status="NOT RUN" starttime="20250526 14:17:23.123" endtime="20250526 14:17:23.123"/>
</kw>
<kw name="Wait Until Page Contains" library="SeleniumLibrary">
<arg>Google</arg>
<arg>timeout=90s</arg>
<doc>Waits until ``text`` appears on the current page.</doc>
<status status="NOT RUN" starttime="20250526 14:17:23.123" endtime="20250526 14:17:23.123"/>
</kw>
<kw name="Close a Browser" library="SeleniumKeywords">
<status status="NOT RUN" starttime="20250526 14:17:23.123" endtime="20250526 14:17:23.123"/>
</kw>
<status status="FAIL" starttime="20250526 14:17:20.109" endtime="20250526 14:17:23.124">TimeoutError: timed out</status>
</test>
<status status="FAIL" starttime="20250526 14:17:17.085" endtime="20250526 14:17:23.125"/>
</suite>
<suite id="s1-s7" name="Tests Resolution des noms de domaine" source="C:\Users\arezgui\Desktop\Test\Test_Auto_HGW\Tests_Resolution_des_noms_de_domaine.robot">
<test id="s1-s7-t1" name="Vérifier la configuration du système de résolution de noms[DNS]" line="6">
<kw name="OPEN SSH SESSION" library="ssh_keywords">
<arg>${HOST}</arg>
<arg>${PORT}</arg>
<arg>${USERNAME}</arg>
<arg>${PASSWORD}</arg>
<kw name="Open Connection" library="SSHLibrary">
<arg>${HOST}</arg>
<arg>port=${PORT}</arg>
<doc>Opens a new SSH connection to the given ``host`` and ``port``.</doc>
<status status="PASS" starttime="20250526 14:17:23.140" endtime="20250526 14:17:23.140"/>
</kw>
<kw name="Login" library="SSHLibrary">
<arg>${USER}</arg>
<arg>${PASSWORD}</arg>
<doc>Logs into the SSH server with the given ``username`` and ``password``.</doc>
<msg timestamp="20250526 14:17:23.141" level="INFO">Logging into '192.168.4.1:22' as 'pi4'.</msg>
<msg timestamp="20250526 14:17:26.144" level="FAIL">TimeoutError: timed out</msg>
<status status="FAIL" starttime="20250526 14:17:23.140" endtime="20250526 14:17:26.150"/>
</kw>
<status status="FAIL" starttime="20250526 14:17:23.139" endtime="20250526 14:17:26.151"/>
</kw>
<kw name="EXECUTE SSH COMMAND" library="ssh_keywords">
<var>${dns}</var>
<arg>cat /etc/dnsmasq.conf</arg>
<status status="NOT RUN" starttime="20250526 14:17:26.151" endtime="20250526 14:17:26.151"/>
</kw>
<kw name="Should Contain" library="BuiltIn">
<arg>${dns}</arg>
<arg>8.8.8.8</arg>
<doc>Fails if ``container`` does not contain ``item`` one or more times.</doc>
<status status="NOT RUN" starttime="20250526 14:17:26.151" endtime="20250526 14:17:26.152"/>
</kw>
<kw name="Should Contain" library="BuiltIn">
<arg>${dns}</arg>
<arg>8.8.4.4</arg>
<doc>Fails if ``container`` does not contain ``item`` one or more times.</doc>
<status status="NOT RUN" starttime="20250526 14:17:26.152" endtime="20250526 14:17:26.152"/>
</kw>
<kw name="CLOSE SSH SESSION" library="ssh_keywords">
<status status="NOT RUN" starttime="20250526 14:17:26.152" endtime="20250526 14:17:26.152"/>
</kw>
<doc>Ce cas de test vérifie que les serveurs DNS sont correctement configurés sur la passerelle.</doc>
<status status="FAIL" starttime="20250526 14:17:23.138" endtime="20250526 14:17:26.153">TimeoutError: timed out</status>
</test>
<test id="s1-s7-t2" name="Résolution d_un Nom de Domaine Valide" line="13">
<kw name="OPEN SSH SESSION" library="ssh_keywords">
<arg>${HOST}</arg>
<arg>${PORT}</arg>
<arg>${USERNAME}</arg>
<arg>${PASSWORD}</arg>
<kw name="Open Connection" library="SSHLibrary">
<arg>${HOST}</arg>
<arg>port=${PORT}</arg>
<doc>Opens a new SSH connection to the given ``host`` and ``port``.</doc>
<status status="PASS" starttime="20250526 14:17:26.157" endtime="20250526 14:17:26.158"/>
</kw>
<kw name="Login" library="SSHLibrary">
<arg>${USER}</arg>
<arg>${PASSWORD}</arg>
<doc>Logs into the SSH server with the given ``username`` and ``password``.</doc>
<msg timestamp="20250526 14:17:26.160" level="INFO">Logging into '192.168.4.1:22' as 'pi4'.</msg>
<msg timestamp="20250526 14:17:29.175" level="FAIL">TimeoutError: timed out</msg>
<status status="FAIL" starttime="20250526 14:17:26.159" endtime="20250526 14:17:29.179"/>
</kw>
<status status="FAIL" starttime="20250526 14:17:26.156" endtime="20250526 14:17:29.179"/>
</kw>
<kw name="Execute Command" library="SSHLibrary">
<var>${output}</var>
<arg>nslookup ${VALID_DOMAIN}</arg>
<doc>Executes ``command`` on the remote machine and returns its outputs.</doc>
<status status="NOT RUN" starttime="20250526 14:17:29.179" endtime="20250526 14:17:29.180"/>
</kw>
<kw name="Should Contain" library="BuiltIn">
<arg>${output}</arg>
<arg>Address:</arg>
<doc>Fails if ``container`` does not contain ``item`` one or more times.</doc>
<status status="NOT RUN" starttime="20250526 14:17:29.180" endtime="20250526 14:17:29.180"/>
</kw>
<kw name="CLOSE SSH SESSION" library="ssh_keywords">
<status status="NOT RUN" starttime="20250526 14:17:29.180" endtime="20250526 14:17:29.180"/>
</kw>
<doc>Ce cas de test vérifie que le service DNS résout correctement un nom de domaine valide en une adresse IP</doc>
<status status="FAIL" starttime="20250526 14:17:26.154" endtime="20250526 14:17:29.180">TimeoutError: timed out</status>
</test>
<test id="s1-s7-t3" name="Résolution d_un Nom de Domaine Invalide" line="19">
<kw name="OPEN SSH SESSION" library="ssh_keywords">
<arg>${HOST}</arg>
<arg>${PORT}</arg>
<arg>${USERNAME}</arg>
<arg>${PASSWORD}</arg>
<kw name="Open Connection" library="SSHLibrary">
<arg>${HOST}</arg>
<arg>port=${PORT}</arg>
<doc>Opens a new SSH connection to the given ``host`` and ``port``.</doc>
<status status="PASS" starttime="20250526 14:17:29.182" endtime="20250526 14:17:29.183"/>
</kw>
<kw name="Login" library="SSHLibrary">
<arg>${USER}</arg>
<arg>${PASSWORD}</arg>
<doc>Logs into the SSH server with the given ``username`` and ``password``.</doc>
<msg timestamp="20250526 14:17:29.183" level="INFO">Logging into '192.168.4.1:22' as 'pi4'.</msg>
<msg timestamp="20250526 14:17:32.196" level="FAIL">TimeoutError: timed out</msg>
<status status="FAIL" starttime="20250526 14:17:29.183" endtime="20250526 14:17:32.200"/>
</kw>
<status status="FAIL" starttime="20250526 14:17:29.182" endtime="20250526 14:17:32.201"/>
</kw>
<kw name="Execute Command" library="SSHLibrary">
<var>${output}</var>
<arg>nslookup ${INVALID_DOMAIN}</arg>
<doc>Executes ``command`` on the remote machine and returns its outputs.</doc>
<status status="NOT RUN" starttime="20250526 14:17:32.201" endtime="20250526 14:17:32.201"/>
</kw>
<kw name="Should Contain" library="BuiltIn">
<arg>${output}</arg>
<arg>can't find ${INVALID_DOMAIN}</arg>
<doc>Fails if ``container`` does not contain ``item`` one or more times.</doc>
<status status="NOT RUN" starttime="20250526 14:17:32.201" endtime="20250526 14:17:32.201"/>
</kw>
<kw name="CLOSE SSH SESSION" library="ssh_keywords">
<status status="NOT RUN" starttime="20250526 14:17:32.201" endtime="20250526 14:17:32.201"/>
</kw>
<doc>Ce cas de test vérifie que le service DNS détecte correctement qu'un nom de domaine invalide ne peut pas être résolu.</doc>
<status status="FAIL" starttime="20250526 14:17:29.181" endtime="20250526 14:17:32.201">TimeoutError: timed out</status>
</test>
<test id="s1-s7-t4" name="Résolution DNS via un Navigateur Web" line="25">
<kw name="Open a browser" library="SeleniumKeywords">
<arg>${WEB_URL}</arg>
<arg>chrome</arg>
<kw name="Open Browser" library="SeleniumLibrary">
<arg>${url}</arg>
<arg>${browser}</arg>
<doc>Opens a new browser instance to the optional ``url``.</doc>
<msg timestamp="20250526 14:17:32.204" level="INFO">Opening browser 'chrome' to base url 'https://www.sofrecom.com'.</msg>
<msg timestamp="20250526 14:17:33.639" level="WARN">The chromedriver version (135.0.7049.95) detected in PATH at C:\Users\arezgui\AppData\Local\Programs\Python\Python313\Scripts\chromedriver.exe might not be compatible with the detected chrome version (136.0.7103.114); currently, chromedriver 136.0.7103.113 is recommended for chrome 136.*, so it is advised to delete the driver in PATH and retry</msg>
<status status="PASS" starttime="20250526 14:17:32.203" endtime="20250526 14:17:46.559"/>
</kw>
<kw name="Maximize Browser Window" library="SeleniumLibrary">
<doc>Maximizes current browser window.</doc>
<status status="PASS" starttime="20250526 14:17:46.559" endtime="20250526 14:17:47.197"/>
</kw>
<status status="PASS" starttime="20250526 14:17:32.203" endtime="20250526 14:17:47.197"/>
</kw>
<kw name="Page Should Contain" library="SeleniumLibrary">
<arg>À PROPOS DE NOUS</arg>
<doc>Verifies that current page contains ``text``.</doc>
<msg timestamp="20250526 14:17:47.415" level="INFO">Current page contains text 'À PROPOS DE NOUS'.</msg>
<status status="PASS" starttime="20250526 14:17:47.198" endtime="20250526 14:17:47.415"/>
</kw>
<kw name="Close a Browser" library="SeleniumKeywords">
<kw name="Close Browser" library="SeleniumLibrary">
<doc>Closes the current browser.</doc>
<status status="PASS" starttime="20250526 14:17:47.417" endtime="20250526 14:17:49.876"/>
</kw>
<status status="PASS" starttime="20250526 14:17:47.416" endtime="20250526 14:17:49.876"/>
</kw>
<doc>Ce cas de test vérifie que la résolution DNS fonctionne correctement via un navigateur web</doc>
<status status="PASS" starttime="20250526 14:17:32.202" endtime="20250526 14:17:49.877"/>
</test>
<status status="FAIL" starttime="20250526 14:17:23.126" endtime="20250526 14:17:49.878"/>
</suite>
<suite id="s1-s8" name="Tests Routage des paquets" source="C:\Users\arezgui\Desktop\Test\Test_Auto_HGW\Tests_Routage des paquets.robot">
<test id="s1-s8-t1" name="Vérifier l'activation de IP Forwarding" line="6">
<kw name="OPEN SSH SESSION" library="ssh_keywords">
<arg>${HOST}</arg>
<arg>${PORT}</arg>
<arg>${USERNAME}</arg>
<arg>${PASSWORD}</arg>
<kw name="Open Connection" library="SSHLibrary">
<arg>${HOST}</arg>
<arg>port=${PORT}</arg>
<doc>Opens a new SSH connection to the given ``host`` and ``port``.</doc>
<status status="PASS" starttime="20250526 14:17:49.906" endtime="20250526 14:17:49.907"/>
</kw>
<kw name="Login" library="SSHLibrary">
<arg>${USER}</arg>
<arg>${PASSWORD}</arg>
<doc>Logs into the SSH server with the given ``username`` and ``password``.</doc>
<msg timestamp="20250526 14:17:49.908" level="INFO">Logging into '192.168.4.1:22' as 'pi4'.</msg>
<msg timestamp="20250526 14:17:52.917" level="FAIL">TimeoutError: timed out</msg>
<status status="FAIL" starttime="20250526 14:17:49.907" endtime="20250526 14:17:52.922"/>
</kw>
<status status="FAIL" starttime="20250526 14:17:49.905" endtime="20250526 14:17:52.923"/>
</kw>
<kw name="EXECUTE SSH COMMAND" library="ssh_keywords">
<var>${result}</var>
<arg>sudo sysctl net.ipv4.ip_forward</arg>
<status status="NOT RUN" starttime="20250526 14:17:52.923" endtime="20250526 14:17:52.923"/>
</kw>
<kw name="Log" library="BuiltIn">
<arg>Résultat : ${result}</arg>
<doc>Logs the given message with the given level.</doc>
<status status="NOT RUN" starttime="20250526 14:17:52.923" endtime="20250526 14:17:52.923"/>
</kw>
<kw name="Should Contain" library="BuiltIn">
<arg>${result}</arg>
<arg>net.ipv4.ip_forward = 1</arg>
<doc>Fails if ``container`` does not contain ``item`` one or more times.</doc>
<status status="NOT RUN" starttime="20250526 14:17:52.924" endtime="20250526 14:17:52.924"/>
</kw>
<kw name="CLOSE SSH SESSION" library="ssh_keywords">
<status status="NOT RUN" starttime="20250526 14:17:52.924" endtime="20250526 14:17:52.924"/>
</kw>
<doc>Ce cas de test vérifie que le transfert d'adresses IP (IP forwarding) est activé sur la passerelle, ce qui permet au Raspberry Pi de rediriger le trafic réseau entre différentes interfaces  (Wi-Fi wlan0 et Ethernet eth0)</doc>
<status status="FAIL" starttime="20250526 14:17:49.902" endtime="20250526 14:17:52.924">TimeoutError: timed out</status>
</test>
<test id="s1-s8-t2" name="Vérifier la table de routage" line="13">
<kw name="OPEN SSH SESSION" library="ssh_keywords">
<arg>${HOST}</arg>
<arg>${PORT}</arg>
<arg>${USERNAME}</arg>
<arg>${PASSWORD}</arg>
<kw name="Open Connection" library="SSHLibrary">
<arg>${HOST}</arg>
<arg>port=${PORT}</arg>
<doc>Opens a new SSH connection to the given ``host`` and ``port``.</doc>
<status status="PASS" starttime="20250526 14:17:52.928" endtime="20250526 14:17:52.931"/>
</kw>
<kw name="Login" library="SSHLibrary">
<arg>${USER}</arg>
<arg>${PASSWORD}</arg>
<doc>Logs into the SSH server with the given ``username`` and ``password``.</doc>
<msg timestamp="20250526 14:17:52.931" level="INFO">Logging into '192.168.4.1:22' as 'pi4'.</msg>
<msg timestamp="20250526 14:17:55.946" level="FAIL">TimeoutError: timed out</msg>
<status status="FAIL" starttime="20250526 14:17:52.931" endtime="20250526 14:17:55.948"/>
</kw>
<status status="FAIL" starttime="20250526 14:17:52.927" endtime="20250526 14:17:55.948"/>
</kw>
<kw name="EXECUTE SSH COMMAND" library="ssh_keywords">
<var>${result}</var>
<arg>sudo route -n</arg>
<status status="NOT RUN" starttime="20250526 14:17:55.949" endtime="20250526 14:17:55.949"/>
</kw>
<kw name="Log" library="BuiltIn">
<arg>Résultat de la table de routage : ${result}</arg>
<doc>Logs the given message with the given level.</doc>
<status status="NOT RUN" starttime="20250526 14:17:55.949" endtime="20250526 14:17:55.949"/>
</kw>
<kw name="Should Contain" library="BuiltIn">
<arg>${result}</arg>
<arg>0.0.0.0</arg>
<doc>Fails if ``container`` does not contain ``item`` one or more times.</doc>
<status status="NOT RUN" starttime="20250526 14:17:55.949" endtime="20250526 14:17:55.949"/>
</kw>
<kw name="Should Contain" library="BuiltIn">
<arg>${result}</arg>
<arg>eth0</arg>
<doc>Fails if ``container`` does not contain ``item`` one or more times.</doc>
<status status="NOT RUN" starttime="20250526 14:17:55.949" endtime="20250526 14:17:55.949"/>
</kw>
<kw name="Should Contain" library="BuiltIn">
<arg>${result}</arg>
<arg>wlan0</arg>
<doc>Fails if ``container`` does not contain ``item`` one or more times.</doc>
<status status="NOT RUN" starttime="20250526 14:17:55.949" endtime="20250526 14:17:55.949"/>
</kw>
<kw name="CLOSE SSH SESSION" library="ssh_keywords">
<status status="NOT RUN" starttime="20250526 14:17:55.949" endtime="20250526 14:17:55.950"/>
</kw>
<doc>Ce cas de test vérifie que la table de routage du Raspberry Pi contient les interfaces réseau attendues, assurant une bonne redirection du trafic entre Ethernet et Wi-Fi.</doc>
<status status="FAIL" starttime="20250526 14:17:52.925" endtime="20250526 14:17:55.950">TimeoutError: timed out</status>
</test>
<test id="s1-s8-t3" name="Vérifier la connectivité entre les interfaces réseau (Wi-Fi et Ethernet)" line="22">
<kw name="OPEN SSH SESSION" library="ssh_keywords">
<arg>${HOST}</arg>
<arg>${PORT}</arg>
<arg>${USERNAME}</arg>
<arg>${PASSWORD}</arg>
<kw name="Open Connection" library="SSHLibrary">
<arg>${HOST}</arg>
<arg>port=${PORT}</arg>
<doc>Opens a new SSH connection to the given ``host`` and ``port``.</doc>
<status status="PASS" starttime="20250526 14:17:55.951" endtime="20250526 14:17:55.952"/>
</kw>
<kw name="Login" library="SSHLibrary">
<arg>${USER}</arg>
<arg>${PASSWORD}</arg>
<doc>Logs into the SSH server with the given ``username`` and ``password``.</doc>
<msg timestamp="20250526 14:17:55.952" level="INFO">Logging into '192.168.4.1:22' as 'pi4'.</msg>
<msg timestamp="20250526 14:17:58.965" level="FAIL">TimeoutError: timed out</msg>
<status status="FAIL" starttime="20250526 14:17:55.952" endtime="20250526 14:17:58.969"/>
</kw>
<status status="FAIL" starttime="20250526 14:17:55.951" endtime="20250526 14:17:58.969"/>
</kw>
<kw name="EXECUTE SSH COMMAND" library="ssh_keywords">
<var>${result}</var>
<arg>ping -c 4 ${CLIENT_IP}</arg>
<status status="NOT RUN" starttime="20250526 14:17:58.969" endtime="20250526 14:17:58.970"/>
</kw>
<kw name="Log" library="BuiltIn">
<arg>${result}</arg>
<doc>Logs the given message with the given level.</doc>
<status status="NOT RUN" starttime="20250526 14:17:58.970" endtime="20250526 14:17:58.970"/>
</kw>
<kw name="Should Contain" library="BuiltIn">
<arg>${result}</arg>
<arg>4 packets transmitted, 4 received</arg>
<doc>Fails if ``container`` does not contain ``item`` one or more times.</doc>
<status status="NOT RUN" starttime="20250526 14:17:58.970" endtime="20250526 14:17:58.970"/>
</kw>
<kw name="CLOSE SSH SESSION" library="ssh_keywords">
<status status="NOT RUN" starttime="20250526 14:17:58.970" endtime="20250526 14:17:58.970"/>
</kw>
<doc>Ce cas de test vérifie que la communication entre l'interface Ethernet et l'interface Wi-Fi est fonctionnelle</doc>
<status status="FAIL" starttime="20250526 14:17:55.950" endtime="20250526 14:17:58.971">TimeoutError: timed out</status>
</test>
<status status="FAIL" starttime="20250526 14:17:49.881" endtime="20250526 14:17:58.971"/>
</suite>
<suite id="s1-s9" name="Tests Services webmin" source="C:\Users\arezgui\Desktop\Test\Test_Auto_HGW\Tests_Services_webmin.robot">
<test id="s1-s9-t1" name="Démarrer le service OpenVNC via Webmin" line="7">
<kw name="Open a browser" library="SeleniumKeywords">
<arg>${WEBMIN_URL}</arg>
<arg>chrome</arg>
<kw name="Open Browser" library="SeleniumLibrary">
<arg>${url}</arg>
<arg>${browser}</arg>
<doc>Opens a new browser instance to the optional ``url``.</doc>
<msg timestamp="20250526 14:17:58.986" level="INFO">Opening browser 'chrome' to base url 'http://192.168.4.1:10000'.</msg>
<msg timestamp="20250526 14:17:59.826" level="WARN">The chromedriver version (135.0.7049.95) detected in PATH at C:\Users\arezgui\AppData\Local\Programs\Python\Python313\Scripts\chromedriver.exe might not be compatible with the detected chrome version (136.0.7103.114); currently, chromedriver 136.0.7103.113 is recommended for chrome 136.*, so it is advised to delete the driver in PATH and retry</msg>
<msg timestamp="20250526 14:18:52.976" level="INFO" html="true">&lt;/td&gt;&lt;/tr&gt;&lt;tr&gt;&lt;td colspan="3"&gt;&lt;a href="selenium-screenshot-29.png"&gt;&lt;img src="selenium-screenshot-29.png" width="800px"&gt;&lt;/a&gt;</msg>
<msg timestamp="20250526 14:18:52.976" level="FAIL">WebDriverException: Message: unknown error: net::ERR_CONNECTION_TIMED_OUT
  (Session info: chrome=136.0.7103.114)
Stacktrace:
	GetHandleVerifier [0x00007FF6F9B85355+78597]
	GetHandleVerifier [0x00007FF6F9B853B0+78688]
	(No symbol) [0x00007FF6F99391AA]
	(No symbol) [0x00007FF6F9935BA0]
	(No symbol) [0x00007FF6F9926849]
	(No symbol) [0x00007FF6F99285A8]
	(No symbol) [0x00007FF6F9926B56]
	(No symbol) [0x00007FF6F99265D6]
	(No symbol) [0x00007FF6F992629A]
	(No symbol) [0x00007FF6F9923F4A]
	(No symbol) [0x00007FF6F992471C]
	(No symbol) [0x00007FF6F993D07A]
	(No symbol) [0x00007FF6F99E002E]
	(No symbol) [0x00007FF6F99B70EA]
	(No symbol) [0x00007FF6F99DF2BB]
	(No symbol) [0x00007FF6F99B6EC3]
	(No symbol) [0x00007FF6F99803F8]
	(No symbol) [0x00007FF6F9981163]
	GetHandleVerifier [0x00007FF6F9E2EF0D+2870973]
	GetHandleVerifier [0x00007FF6F9E296B8+2848360]
	GetHandleVerifier [0x00007FF6F9E46993+2967875]
	GetHandleVerifier [0x00007FF6F9BA019A+188746]
	GetHandleVerifier [0x00007FF6F9BA847F+222255]
	GetHandleVerifier [0x00007FF6F9B8D2D4+111236]
	GetHandleVerifier [0x00007FF6F9B8D482+111666]
	GetHandleVerifier [0x00007FF6F9B735A9+5465]
	BaseThreadInitThunk [0x00007FF87CD6259D+29]
	RtlUserThreadStart [0x00007FF87E48AF58+40]
</msg>
<status status="FAIL" starttime="20250526 14:17:58.985" endtime="20250526 14:18:52.979"/>
</kw>
<kw name="Maximize Browser Window" library="SeleniumLibrary">
<doc>Maximizes current browser window.</doc>
<status status="NOT RUN" starttime="20250526 14:18:52.979" endtime="20250526 14:18:52.979"/>
</kw>
<status status="FAIL" starttime="20250526 14:17:58.985" endtime="20250526 14:18:52.979"/>
</kw>
<kw name="Click Element" library="SeleniumLibrary">
<arg>xpath://*[@id="details-button"]</arg>
<doc>Click the element identified by ``locator``.</doc>
<status status="NOT RUN" starttime="20250526 14:18:52.980" endtime="20250526 14:18:52.980"/>
</kw>
<kw name="Click Element" library="SeleniumLibrary">
<arg>xpath://*[@id="proceed-link"]</arg>
<doc>Click the element identified by ``locator``.</doc>
<status status="NOT RUN" starttime="20250526 14:18:52.980" endtime="20250526 14:18:52.980"/>
</kw>
<kw name="Input Text Into Selector" library="SeleniumKeywords">
<arg>id=user</arg>
<arg>${USERNAME}</arg>
<status status="NOT RUN" starttime="20250526 14:18:52.980" endtime="20250526 14:18:52.980"/>
</kw>
<kw name="Input Text Into Selector" library="SeleniumKeywords">
<arg>name=pass</arg>
<arg>${PASSWORD}</arg>
<status status="NOT RUN" starttime="20250526 14:18:52.980" endtime="20250526 14:18:52.980"/>
</kw>
<kw name="Click Element" library="SeleniumLibrary">
<arg>xpath://button[@type="submit"]</arg>
<doc>Click the element identified by ``locator``.</doc>
<status status="NOT RUN" starttime="20250526 14:18:52.980" endtime="20250526 14:18:52.980"/>
</kw>
<kw name="Page Should Contain" library="SeleniumLibrary">
<arg>Dashboard</arg>
<doc>Verifies that current page contains ``text``.</doc>
<status status="NOT RUN" starttime="20250526 14:18:52.980" endtime="20250526 14:18:52.980"/>
</kw>
<kw name="Click Element" library="SeleniumLibrary">
<arg>xpath://*[@id="mCSB_4_container"]/ul/li[4]/a</arg>
<doc>Click the element identified by ``locator``.</doc>
<status status="NOT RUN" starttime="20250526 14:18:52.981" endtime="20250526 14:18:52.981"/>
</kw>
<kw name="Click Element" library="SeleniumLibrary">
<arg>xpath://*[@id="system"]/li[1]/a</arg>
<doc>Click the element identified by ``locator``.</doc>
<status status="NOT RUN" starttime="20250526 14:18:52.981" endtime="20250526 14:18:52.981"/>
</kw>
<kw name="Wait Until Page Contains" library="SeleniumLibrary">
<arg>Boot system : Systemd</arg>
<arg>timeout=60s</arg>
<doc>Waits until ``text`` appears on the current page.</doc>
<status status="NOT RUN" starttime="20250526 14:18:52.981" endtime="20250526 14:18:52.981"/>
</kw>
<kw name="Click Element" library="SeleniumLibrary">
<arg>xpath://*[@id="DataTables_Table_0"]/tbody/tr[215]/td[2]/a</arg>
<doc>Click the element identified by ``locator``.</doc>
<status status="NOT RUN" starttime="20250526 14:18:52.981" endtime="20250526 14:18:52.981"/>
</kw>
<kw name="Wait Until Page Contains" library="SeleniumLibrary">
<arg>Systemd service details</arg>
<arg>timeout=60s</arg>
<doc>Waits until ``text`` appears on the current page.</doc>
<status status="NOT RUN" starttime="20250526 14:18:52.981" endtime="20250526 14:18:52.981"/>
</kw>
<kw name="Click Element" library="SeleniumLibrary">
<arg>xpath://*[@id="start_s_2"]</arg>
<doc>Click the element identified by ``locator``.</doc>
<status status="NOT RUN" starttime="20250526 14:18:52.981" endtime="20250526 14:18:52.981"/>
</kw>
<kw name="Wait Until Page Contains" library="SeleniumLibrary">
<arg>Starting service vncserver-virtuald.service ..</arg>
<arg>timeout=60s</arg>
<doc>Waits until ``text`` appears on the current page.</doc>
<status status="NOT RUN" starttime="20250526 14:18:52.981" endtime="20250526 14:18:52.981"/>
</kw>
<kw name="Click Element" library="SeleniumLibrary">
<arg>xpath://*[@id="content"]/div/a</arg>
<doc>Click the element identified by ``locator``.</doc>
<status status="NOT RUN" starttime="20250526 14:18:52.981" endtime="20250526 14:18:52.981"/>
</kw>
<kw name="Wait Until Page Contains" library="SeleniumLibrary">
<arg>Current status</arg>
<arg>timeout=60s</arg>
<doc>Waits until ``text`` appears on the current page.</doc>
<status status="NOT RUN" starttime="20250526 14:18:52.982" endtime="20250526 14:18:52.982"/>
</kw>
<kw name="Get Text" library="SeleniumLibrary">
<var>${current_status}</var>
<arg>xpath://*[@id="content"]/div/div/div[2]/form/div/table/tbody/tr/td/table/tbody/tr[5]</arg>
<doc>Returns the text value of the element identified by ``locator``.</doc>
<status status="NOT RUN" starttime="20250526 14:18:52.982" endtime="20250526 14:18:52.982"/>
</kw>
<kw name="Should Contain" library="BuiltIn">
<arg>${current_status}</arg>
<arg>Running</arg>
<doc>Fails if ``container`` does not contain ``item`` one or more times.</doc>
<status status="NOT RUN" starttime="20250526 14:18:52.982" endtime="20250526 14:18:52.982"/>
</kw>
<kw name="Click Element" library="SeleniumLibrary">
<arg>xpath://*[@id="content"]/div/div/div[2]/form/table/tbody/tr/td/div/button[1]</arg>
<doc>Click the element identified by ``locator``.</doc>
<status status="NOT RUN" starttime="20250526 14:18:52.982" endtime="20250526 14:18:52.982"/>
</kw>
<kw name="Close a Browser" library="SeleniumKeywords">
<status status="NOT RUN" starttime="20250526 14:18:52.982" endtime="20250526 14:18:52.982"/>
</kw>
<doc>Ce cas de test vérifie que le service OpenVNC peut être démarré correctement via l'interface Webmin.</doc>
<status status="FAIL" starttime="20250526 14:17:58.984" endtime="20250526 14:18:52.982">WebDriverException: Message: unknown error: net::ERR_CONNECTION_TIMED_OUT
  (Session info: chrome=136.0.7103.114)
Stacktrace:
	GetHandleVerifier [0x00007FF6F9B85355+78597]
	GetHandleVerifier [0x00007FF6F9B853B0+78688]
	(No symbol) [0x00007FF6F99391AA]
	(No symbol) [0x00007FF6F9935BA0]
	(No symbol) [0x00007FF6F9926849]
	(No symbol) [0x00007FF6F99285A8]
	(No symbol) [0x00007FF6F9926B56]
	(No symbol) [0x00007FF6F99265D6]
	(No symbol) [0x00007FF6F992629A]
	(No symbol) [0x00007FF6F9923F4A]
	(No symbol) [0x00007FF6F992471C]
	(No symbol) [0x00007FF6F993D07A]
	(No symbol) [0x00007FF6F99E002E]
	(No symbol) [0x00007FF6F99B70EA]
	(No symbol) [0x00007FF6F99DF2BB]
	(No symbol) [0x00007FF6F99B6EC3]
	(No symbol) [0x00007FF6F99803F8]
	(No symbol) [0x00007FF6F9981163]
	GetHandleVerifier [0x00007FF6F9E2EF0D+2870973]
	GetHandleVerifier [0x00007FF6F9E296B8+2848360]
	GetHandleVerifier [0x00007FF6F9E46993+2967875]
	GetHandleVerifier [0x00007FF6F9BA019A+188746]
	GetHandleVerifier [0x00007FF6F9BA847F+222255]
	GetHandleVerifier [0x00007FF6F9B8D2D4+111236]
	GetHandleVerifier [0x00007FF6F9B8D482+111666]
	GetHandleVerifier [0x00007FF6F9B735A9+5465]
	BaseThreadInitThunk [0x00007FF87CD6259D+29]
	RtlUserThreadStart [0x00007FF87E48AF58+40]
</status>
</test>
<test id="s1-s9-t2" name=" Arrêter le service OpenVNC via Webmin" line="34">
<kw name="Open a browser" library="SeleniumKeywords">
<arg>${WEBMIN_URL}</arg>
<arg>chrome</arg>
<kw name="Open Browser" library="SeleniumLibrary">
<arg>${url}</arg>
<arg>${browser}</arg>
<doc>Opens a new browser instance to the optional ``url``.</doc>
<msg timestamp="20250526 14:18:52.985" level="INFO">Opening browser 'chrome' to base url 'http://192.168.4.1:10000'.</msg>
<msg timestamp="20250526 14:18:53.871" level="WARN">The chromedriver version (135.0.7049.95) detected in PATH at C:\Users\arezgui\AppData\Local\Programs\Python\Python313\Scripts\chromedriver.exe might not be compatible with the detected chrome version (136.0.7103.114); currently, chromedriver 136.0.7103.113 is recommended for chrome 136.*, so it is advised to delete the driver in PATH and retry</msg>
<msg timestamp="20250526 14:19:47.244" level="INFO" html="true">&lt;/td&gt;&lt;/tr&gt;&lt;tr&gt;&lt;td colspan="3"&gt;&lt;a href="selenium-screenshot-30.png"&gt;&lt;img src="selenium-screenshot-30.png" width="800px"&gt;&lt;/a&gt;</msg>
<msg timestamp="20250526 14:19:47.244" level="FAIL">WebDriverException: Message: unknown error: net::ERR_CONNECTION_TIMED_OUT
  (Session info: chrome=136.0.7103.114)
Stacktrace:
	GetHandleVerifier [0x00007FF6F9B85355+78597]
	GetHandleVerifier [0x00007FF6F9B853B0+78688]
	(No symbol) [0x00007FF6F99391AA]
	(No symbol) [0x00007FF6F9935BA0]
	(No symbol) [0x00007FF6F9926849]
	(No symbol) [0x00007FF6F99285A8]
	(No symbol) [0x00007FF6F9926B56]
	(No symbol) [0x00007FF6F99265D6]
	(No symbol) [0x00007FF6F992629A]
	(No symbol) [0x00007FF6F9923F4A]
	(No symbol) [0x00007FF6F992471C]
	(No symbol) [0x00007FF6F993D07A]
	(No symbol) [0x00007FF6F99E002E]
	(No symbol) [0x00007FF6F99B70EA]
	(No symbol) [0x00007FF6F99DF2BB]
	(No symbol) [0x00007FF6F99B6EC3]
	(No symbol) [0x00007FF6F99803F8]
	(No symbol) [0x00007FF6F9981163]
	GetHandleVerifier [0x00007FF6F9E2EF0D+2870973]
	GetHandleVerifier [0x00007FF6F9E296B8+2848360]
	GetHandleVerifier [0x00007FF6F9E46993+2967875]
	GetHandleVerifier [0x00007FF6F9BA019A+188746]
	GetHandleVerifier [0x00007FF6F9BA847F+222255]
	GetHandleVerifier [0x00007FF6F9B8D2D4+111236]
	GetHandleVerifier [0x00007FF6F9B8D482+111666]
	GetHandleVerifier [0x00007FF6F9B735A9+5465]
	BaseThreadInitThunk [0x00007FF87CD6259D+29]
	RtlUserThreadStart [0x00007FF87E48AF58+40]
</msg>
<status status="FAIL" starttime="20250526 14:18:52.984" endtime="20250526 14:19:47.247"/>
</kw>
<kw name="Maximize Browser Window" library="SeleniumLibrary">
<doc>Maximizes current browser window.</doc>
<status status="NOT RUN" starttime="20250526 14:19:47.247" endtime="20250526 14:19:47.247"/>
</kw>
<status status="FAIL" starttime="20250526 14:18:52.984" endtime="20250526 14:19:47.247"/>
</kw>
<kw name="Click Element" library="SeleniumLibrary">
<arg>xpath://*[@id="details-button"]</arg>
<doc>Click the element identified by ``locator``.</doc>
<status status="NOT RUN" starttime="20250526 14:19:47.248" endtime="20250526 14:19:47.248"/>
</kw>
<kw name="Click Element" library="SeleniumLibrary">
<arg>xpath://*[@id="proceed-link"]</arg>
<doc>Click the element identified by ``locator``.</doc>
<status status="NOT RUN" starttime="20250526 14:19:47.248" endtime="20250526 14:19:47.248"/>
</kw>
<kw name="Input Text Into Selector" library="SeleniumKeywords">
<arg>id=user</arg>
<arg>${USERNAME}</arg>
<status status="NOT RUN" starttime="20250526 14:19:47.248" endtime="20250526 14:19:47.248"/>
</kw>
<kw name="Input Text Into Selector" library="SeleniumKeywords">
<arg>name=pass</arg>
<arg>${PASSWORD}</arg>
<status status="NOT RUN" starttime="20250526 14:19:47.248" endtime="20250526 14:19:47.248"/>
</kw>
<kw name="Click Element" library="SeleniumLibrary">
<arg>xpath://button[@type="submit"]</arg>
<doc>Click the element identified by ``locator``.</doc>
<status status="NOT RUN" starttime="20250526 14:19:47.248" endtime="20250526 14:19:47.248"/>
</kw>
<kw name="Page Should Contain" library="SeleniumLibrary">
<arg>Dashboard</arg>
<doc>Verifies that current page contains ``text``.</doc>
<status status="NOT RUN" starttime="20250526 14:19:47.248" endtime="20250526 14:19:47.248"/>
</kw>
<kw name="Click Element" library="SeleniumLibrary">
<arg>xpath://*[@id="mCSB_4_container"]/ul/li[4]/a</arg>
<doc>Click the element identified by ``locator``.</doc>
<status status="NOT RUN" starttime="20250526 14:19:47.248" endtime="20250526 14:19:47.249"/>
</kw>
<kw name="Click Element" library="SeleniumLibrary">
<arg>xpath://*[@id="system"]/li[1]/a</arg>
<doc>Click the element identified by ``locator``.</doc>
<status status="NOT RUN" starttime="20250526 14:19:47.249" endtime="20250526 14:19:47.249"/>
</kw>
<kw name="Wait Until Page Contains" library="SeleniumLibrary">
<arg>Boot system : Systemd</arg>
<arg>timeout=60s</arg>
<doc>Waits until ``text`` appears on the current page.</doc>
<status status="NOT RUN" starttime="20250526 14:19:47.249" endtime="20250526 14:19:47.249"/>
</kw>
<kw name="Click Element" library="SeleniumLibrary">
<arg>xpath://*[@id="DataTables_Table_0"]/tbody/tr[215]/td[2]/a</arg>
<doc>Click the element identified by ``locator``.</doc>
<status status="NOT RUN" starttime="20250526 14:19:47.249" endtime="20250526 14:19:47.249"/>
</kw>
<kw name="Wait Until Page Contains" library="SeleniumLibrary">
<arg>Systemd service details</arg>
<arg>timeout=60s</arg>
<doc>Waits until ``text`` appears on the current page.</doc>
<status status="NOT RUN" starttime="20250526 14:19:47.249" endtime="20250526 14:19:47.249"/>
</kw>
<kw name="Click Element" library="SeleniumLibrary">
<arg>xpath://*[@id="stop_s_4"]</arg>
<doc>Click the element identified by ``locator``.</doc>
<status status="NOT RUN" starttime="20250526 14:19:47.249" endtime="20250526 14:19:47.249"/>
</kw>
<kw name="Wait Until Page Contains" library="SeleniumLibrary">
<arg>Stopping service vncserver-virtuald.service ..</arg>
<arg>timeout=60s</arg>
<doc>Waits until ``text`` appears on the current page.</doc>
<status status="NOT RUN" starttime="20250526 14:19:47.249" endtime="20250526 14:19:47.249"/>
</kw>
<kw name="Click Element" library="SeleniumLibrary">
<arg>xpath://*[@id="content"]/div/a</arg>
<doc>Click the element identified by ``locator``.</doc>
<status status="NOT RUN" starttime="20250526 14:19:47.250" endtime="20250526 14:19:47.250"/>
</kw>
<kw name="Wait Until Page Contains" library="SeleniumLibrary">
<arg>Current status</arg>
<arg>timeout=60s</arg>
<doc>Waits until ``text`` appears on the current page.</doc>
<status status="NOT RUN" starttime="20250526 14:19:47.250" endtime="20250526 14:19:47.250"/>
</kw>
<kw name="Get Text" library="SeleniumLibrary">
<var>${current_status}</var>
<arg>xpath://*[@id="content"]/div/div/div[2]/form/div/table/tbody/tr/td/table/tbody/tr[5]</arg>
<doc>Returns the text value of the element identified by ``locator``.</doc>
<status status="NOT RUN" starttime="20250526 14:19:47.250" endtime="20250526 14:19:47.250"/>
</kw>
<kw name="Should Contain" library="BuiltIn">
<arg>${current_status}</arg>
<arg>Not running</arg>
<doc>Fails if ``container`` does not contain ``item`` one or more times.</doc>
<status status="NOT RUN" starttime="20250526 14:19:47.250" endtime="20250526 14:19:47.250"/>
</kw>
<kw name="Click Element" library="SeleniumLibrary">
<arg>xpath://*[@id="content"]/div/div/div[2]/form/table/tbody/tr/td/div/button[1]</arg>
<doc>Click the element identified by ``locator``.</doc>
<status status="NOT RUN" starttime="20250526 14:19:47.250" endtime="20250526 14:19:47.250"/>
</kw>
<kw name="Close a Browser" library="SeleniumKeywords">
<status status="NOT RUN" starttime="20250526 14:19:47.250" endtime="20250526 14:19:47.250"/>
</kw>
<doc>Ce cas de test vérifie que le service OpenVNC peut être arrêté correctement via l'interface Webmin.</doc>
<status status="FAIL" starttime="20250526 14:18:52.983" endtime="20250526 14:19:47.251">WebDriverException: Message: unknown error: net::ERR_CONNECTION_TIMED_OUT
  (Session info: chrome=136.0.7103.114)
Stacktrace:
	GetHandleVerifier [0x00007FF6F9B85355+78597]
	GetHandleVerifier [0x00007FF6F9B853B0+78688]
	(No symbol) [0x00007FF6F99391AA]
	(No symbol) [0x00007FF6F9935BA0]
	(No symbol) [0x00007FF6F9926849]
	(No symbol) [0x00007FF6F99285A8]
	(No symbol) [0x00007FF6F9926B56]
	(No symbol) [0x00007FF6F99265D6]
	(No symbol) [0x00007FF6F992629A]
	(No symbol) [0x00007FF6F9923F4A]
	(No symbol) [0x00007FF6F992471C]
	(No symbol) [0x00007FF6F993D07A]
	(No symbol) [0x00007FF6F99E002E]
	(No symbol) [0x00007FF6F99B70EA]
	(No symbol) [0x00007FF6F99DF2BB]
	(No symbol) [0x00007FF6F99B6EC3]
	(No symbol) [0x00007FF6F99803F8]
	(No symbol) [0x00007FF6F9981163]
	GetHandleVerifier [0x00007FF6F9E2EF0D+2870973]
[...]
<status status="PASS" starttime="20250526 14:21:19.794" endtime="20250526 14:21:19.795"/>
</kw>
<status status="PASS" starttime="20250526 14:21:19.794" endtime="20250526 14:21:19.795"/>
</kw>
<kw name="Send GET Request" library="API_Keywords">
<var>${response}</var>
<arg>${SESSION_NAME}</arg>
<arg>/api/services/ssh/status</arg>
<kw name="GET On Session" library="RequestsLibrary">
<var>${response}</var>
<arg>${SESSION_NAME}</arg>
<arg>${endpoint}</arg>
<doc>Sends a GET request on a previously created HTTP Session.</doc>
<msg timestamp="20250526 14:21:40.843" level="WARN">Retrying (RetryAdapter(total=2, connect=None, read=None, redirect=None, status=None)) after connection broken by 'ConnectTimeoutError(&lt;urllib3.connection.HTTPConnection object at 0x00000220A5C3B790&gt;, 'Connection to 192.168.4.1 timed out. (connect timeout=None)')': /api/services/ssh/status</msg>
<msg timestamp="20250526 14:22:02.069" level="WARN">Retrying (RetryAdapter(total=1, connect=None, read=None, redirect=None, status=None)) after connection broken by 'ConnectTimeoutError(&lt;urllib3.connection.HTTPConnection object at 0x00000220A5C3BAC0&gt;, 'Connection to 192.168.4.1 timed out. (connect timeout=None)')': /api/services/ssh/status</msg>
<msg timestamp="20250526 14:22:23.496" level="WARN">Retrying (RetryAdapter(total=0, connect=None, read=None, redirect=None, status=None)) after connection broken by 'ConnectTimeoutError(&lt;urllib3.connection.HTTPConnection object at 0x00000220A5C3BDF0&gt;, 'Connection to 192.168.4.1 timed out. (connect timeout=None)')': /api/services/ssh/status</msg>
<msg timestamp="20250526 14:22:44.542" level="FAIL">ConnectTimeout: HTTPConnectionPool(host='192.168.4.1', port=5001): Max retries exceeded with url: /api/services/ssh/status (Caused by ConnectTimeoutError(&lt;urllib3.connection.HTTPConnection object at 0x00000220A6DCC050&gt;, 'Connection to 192.168.4.1 timed out. (connect timeout=None)'))</msg>
<status status="FAIL" starttime="20250526 14:21:19.795" endtime="20250526 14:22:44.551"/>
</kw>
<return>
<value>${response}</value>
<status status="NOT RUN" starttime="20250526 14:22:44.551" endtime="20250526 14:22:44.551"/>
</return>
<status status="FAIL" starttime="20250526 14:21:19.795" endtime="20250526 14:22:44.551"/>
</kw>
<kw name="Get Response Body" library="API_Keywords">
<var>${body}</var>
<arg>${response}</arg>
<status status="NOT RUN" starttime="20250526 14:22:44.551" endtime="20250526 14:22:44.551"/>
</kw>
<kw name="Should Be Equal" library="BuiltIn">
<arg>${body['status']}</arg>
<arg>active</arg>
<doc>Fails if the given objects are unequal.</doc>
<status status="NOT RUN" starttime="20250526 14:22:44.551" endtime="20250526 14:22:44.551"/>
</kw>
<kw name="Delete HTTP Session" library="API_Keywords">
<status status="NOT RUN" starttime="20250526 14:22:44.552" endtime="20250526 14:22:44.552"/>
</kw>
<doc>Ce test vérifie que le service SSH est actif via l’API Flask du Raspberry Pi</doc>
<status status="FAIL" starttime="20250526 14:21:19.793" endtime="20250526 14:22:44.552">ConnectTimeout: HTTPConnectionPool(host='192.168.4.1', port=5001): Max retries exceeded with url: /api/services/ssh/status (Caused by ConnectTimeoutError(&lt;urllib3.connection.HTTPConnection object at 0x00000220A6DCC050&gt;, 'Connection to 192.168.4.1 timed out. (connect timeout=None)'))</status>
</test>
<test id="s1-s11-t3" name="Vérifier que le service DNSMasq est actif via API" line="23">
<kw name="Create HTTP Session" library="API_Keywords">
<arg>${SESSION_NAME}</arg>
<arg>${BASE_URL}</arg>
<kw name="Create Session" library="RequestsLibrary">
<arg>${SESSION_NAME}</arg>
<arg>${BASE_URL}</arg>
<doc>Create Session: create a HTTP session to a server</doc>
<msg timestamp="20250526 14:22:44.554" level="INFO">Creating Session using : alias=raspberry_api_session, url=http://192.168.4.1:5001, headers={},                     cookies={}, auth=None, timeout=None, proxies=None, verify=False,                     debug=0 </msg>
<status status="PASS" starttime="20250526 14:22:44.553" endtime="20250526 14:22:44.554"/>
</kw>
<status status="PASS" starttime="20250526 14:22:44.553" endtime="20250526 14:22:44.554"/>
</kw>
<kw name="Send GET Request" library="API_Keywords">
<var>${response}</var>
<arg>${SESSION_NAME}</arg>
<arg>/api/services/dnsmasq/status</arg>
<kw name="GET On Session" library="RequestsLibrary">
<var>${response}</var>
<arg>${SESSION_NAME}</arg>
<arg>${endpoint}</arg>
<doc>Sends a GET request on a previously created HTTP Session.</doc>
<msg timestamp="20250526 14:23:05.585" level="WARN">Retrying (RetryAdapter(total=2, connect=None, read=None, redirect=None, status=None)) after connection broken by 'ConnectTimeoutError(&lt;urllib3.connection.HTTPConnection object at 0x00000220A6DCC490&gt;, 'Connection to 192.168.4.1 timed out. (connect timeout=None)')': /api/services/dnsmasq/status</msg>
<msg timestamp="20250526 14:23:26.835" level="WARN">Retrying (RetryAdapter(total=1, connect=None, read=None, redirect=None, status=None)) after connection broken by 'ConnectTimeoutError(&lt;urllib3.connection.HTTPConnection object at 0x00000220A6DCCAF0&gt;, 'Connection to 192.168.4.1 timed out. (connect timeout=None)')': /api/services/dnsmasq/status</msg>
<msg timestamp="20250526 14:23:48.273" level="WARN">Retrying (RetryAdapter(total=0, connect=None, read=None, redirect=None, status=None)) after connection broken by 'ConnectTimeoutError(&lt;urllib3.connection.HTTPConnection object at 0x00000220A6DCCD10&gt;, 'Connection to 192.168.4.1 timed out. (connect timeout=None)')': /api/services/dnsmasq/status</msg>
<msg timestamp="20250526 14:24:09.313" level="FAIL">ConnectTimeout: HTTPConnectionPool(host='192.168.4.1', port=5001): Max retries exceeded with url: /api/services/dnsmasq/status (Caused by ConnectTimeoutError(&lt;urllib3.connection.HTTPConnection object at 0x00000220A6DCCF30&gt;, 'Connection to 192.168.4.1 timed out. (connect timeout=None)'))</msg>
<status status="FAIL" starttime="20250526 14:22:44.554" endtime="20250526 14:24:09.325"/>
</kw>
<return>
<value>${response}</value>
<status status="NOT RUN" starttime="20250526 14:24:09.325" endtime="20250526 14:24:09.325"/>
</return>
<status status="FAIL" starttime="20250526 14:22:44.554" endtime="20250526 14:24:09.325"/>
</kw>
<kw name="Get Response Body" library="API_Keywords">
<var>${body}</var>
<arg>${response}</arg>
<status status="NOT RUN" starttime="20250526 14:24:09.325" endtime="20250526 14:24:09.325"/>
</kw>
<kw name="Should Be Equal" library="BuiltIn">
<arg>${body['status']}</arg>
<arg>active</arg>
<doc>Fails if the given objects are unequal.</doc>
<status status="NOT RUN" starttime="20250526 14:24:09.326" endtime="20250526 14:24:09.326"/>
</kw>
<kw name="Delete HTTP Session" library="API_Keywords">
<status status="NOT RUN" starttime="20250526 14:24:09.326" endtime="20250526 14:24:09.326"/>
</kw>
<doc>Ce test vérifie que le service DNSMasq est actif via l’API Flask du Raspberry Pi</doc>
<status status="FAIL" starttime="20250526 14:22:44.552" endtime="20250526 14:24:09.326">ConnectTimeout: HTTPConnectionPool(host='192.168.4.1', port=5001): Max retries exceeded with url: /api/services/dnsmasq/status (Caused by ConnectTimeoutError(&lt;urllib3.connection.HTTPConnection object at 0x00000220A6DCCF30&gt;, 'Connection to 192.168.4.1 timed out. (connect timeout=None)'))</status>
</test>
<test id="s1-s11-t4" name="Vérifier que le service iptables est actif via API" line="31">
<kw name="Create HTTP Session" library="API_Keywords">
<arg>${SESSION_NAME}</arg>
<arg>${BASE_URL}</arg>
<kw name="Create Session" library="RequestsLibrary">
<arg>${SESSION_NAME}</arg>
<arg>${BASE_URL}</arg>
<doc>Create Session: create a HTTP session to a server</doc>
<msg timestamp="20250526 14:24:09.328" level="INFO">Creating Session using : alias=raspberry_api_session, url=http://192.168.4.1:5001, headers={},                     cookies={}, auth=None, timeout=None, proxies=None, verify=False,                     debug=0 </msg>
<status status="PASS" starttime="20250526 14:24:09.328" endtime="20250526 14:24:09.329"/>
</kw>
<status status="PASS" starttime="20250526 14:24:09.327" endtime="20250526 14:24:09.329"/>
</kw>
<kw name="Send GET Request" library="API_Keywords">
<var>${response}</var>
<arg>${SESSION_NAME}</arg>
<arg>/api/services/iptables/status</arg>
<kw name="GET On Session" library="RequestsLibrary">
<var>${response}</var>
<arg>${SESSION_NAME}</arg>
<arg>${endpoint}</arg>
<doc>Sends a GET request on a previously created HTTP Session.</doc>
<msg timestamp="20250526 14:24:30.353" level="WARN">Retrying (RetryAdapter(total=2, connect=None, read=None, redirect=None, status=None)) after connection broken by 'ConnectTimeoutError(&lt;urllib3.connection.HTTPConnection object at 0x00000220A5C3B9B0&gt;, 'Connection to 192.168.4.1 timed out. (connect timeout=None)')': /api/services/iptables/status</msg>
<msg timestamp="20250526 14:24:51.611" level="WARN">Retrying (RetryAdapter(total=1, connect=None, read=None, redirect=None, status=None)) after connection broken by 'ConnectTimeoutError(&lt;urllib3.connection.HTTPConnection object at 0x00000220A5C3BDF0&gt;, 'Connection to 192.168.4.1 timed out. (connect timeout=None)')': /api/services/iptables/status</msg>
<msg timestamp="20250526 14:25:13.070" level="WARN">Retrying (RetryAdapter(total=0, connect=None, read=None, redirect=None, status=None)) after connection broken by 'ConnectTimeoutError(&lt;urllib3.connection.HTTPConnection object at 0x00000220A5C3BBD0&gt;, 'Connection to 192.168.4.1 timed out. (connect timeout=None)')': /api/services/iptables/status</msg>
<msg timestamp="20250526 14:25:34.099" level="FAIL">ConnectTimeout: HTTPConnectionPool(host='192.168.4.1', port=5001): Max retries exceeded with url: /api/services/iptables/status (Caused by ConnectTimeoutError(&lt;urllib3.connection.HTTPConnection object at 0x00000220A5C3B460&gt;, 'Connection to 192.168.4.1 timed out. (connect timeout=None)'))</msg>
<status status="FAIL" starttime="20250526 14:24:09.330" endtime="20250526 14:25:34.116"/>
</kw>
<return>
<value>${response}</value>
<status status="NOT RUN" starttime="20250526 14:25:34.116" endtime="20250526 14:25:34.116"/>
</return>
<status status="FAIL" starttime="20250526 14:24:09.329" endtime="20250526 14:25:34.117"/>
</kw>
<kw name="Get Response Body" library="API_Keywords">
<var>${body}</var>
<arg>${response}</arg>
<status status="NOT RUN" starttime="20250526 14:25:34.117" endtime="20250526 14:25:34.117"/>
</kw>
<kw name="Should Be Equal" library="BuiltIn">
<arg>${body['status']}</arg>
<arg>active</arg>
<doc>Fails if the given objects are unequal.</doc>
<status status="NOT RUN" starttime="20250526 14:25:34.117" endtime="20250526 14:25:34.117"/>
</kw>
<kw name="Delete HTTP Session" library="API_Keywords">
<status status="NOT RUN" starttime="20250526 14:25:34.117" endtime="20250526 14:25:34.117"/>
</kw>
<doc>Ce test vérifie que le service IPtables est actif via l’API Flask du Raspberry Pi</doc>
<status status="FAIL" starttime="20250526 14:24:09.326" endtime="20250526 14:25:34.118">ConnectTimeout: HTTPConnectionPool(host='192.168.4.1', port=5001): Max retries exceeded with url: /api/services/iptables/status (Caused by ConnectTimeoutError(&lt;urllib3.connection.HTTPConnection object at 0x00000220A5C3B460&gt;, 'Connection to 192.168.4.1 timed out. (connect timeout=None)'))</status>
</test>
<status status="FAIL" starttime="20250526 14:19:53.287" endtime="20250526 14:25:34.118"/>
</suite>
<status status="FAIL" starttime="20250526 14:13:45.972" endtime="20250526 14:25:34.121"/>
</suite>
<statistics>
<total>
<stat pass="1" fail="26" skip="0">All Tests</stat>
</total>
<tag>
</tag>
<suite>
<stat pass="1" fail="26" skip="0" id="s1" name="Test Auto HGW">Test Auto HGW</stat>
<stat pass="0" fail="2" skip="0" id="s1-s1" name="Mqtt Test">Test Auto HGW.Mqtt Test</stat>
<stat pass="0" fail="2" skip="0" id="s1-s2" name="Tests Acces webmin">Test Auto HGW.Tests Acces webmin</stat>
<stat pass="0" fail="1" skip="0" id="s1-s3" name="Tests Attribution ip automatique">Test Auto HGW.Tests Attribution ip automatique</stat>
<stat pass="0" fail="4" skip="0" id="s1-s4" name="Tests Connectivité">Test Auto HGW.Tests Connectivité</stat>
<stat pass="0" fail="1" skip="0" id="s1-s5" name="Tests Etat du systeme">Test Auto HGW.Tests Etat du systeme</stat>
<stat pass="0" fail="2" skip="0" id="s1-s6" name="Tests Firewall">Test Auto HGW.Tests Firewall</stat>
<stat pass="1" fail="3" skip="0" id="s1-s7" name="Tests Resolution des noms de domaine">Test Auto HGW.Tests Resolution des noms de domaine</stat>
<stat pass="0" fail="3" skip="0" id="s1-s8" name="Tests Routage des paquets">Test Auto HGW.Tests Routage des paquets</stat>
<stat pass="0" fail="2" skip="0" id="s1-s9" name="Tests Services webmin">Test Auto HGW.Tests Services webmin</stat>
<stat pass="0" fail="2" skip="0" id="s1-s10" name="Tests Traduction d adresse reseau">Test Auto HGW.Tests Traduction d adresse reseau</stat>
<stat pass="0" fail="4" skip="0" id="s1-s11" name="Vérification des Services de Base HGW PRPLOS">Test Auto HGW.Vérification des Services de Base HGW PRPLOS</stat>
</suite>
</statistics>
<errors>
<msg timestamp="20250526 14:14:00.462" level="WARN">The chromedriver version (135.0.7049.95) detected in PATH at C:\Users\arezgui\AppData\Local\Programs\Python\Python313\Scripts\chromedriver.exe might not be compatible with the detected chrome version (136.0.7103.114); currently, chromedriver 136.0.7103.113 is recommended for chrome 136.*, so it is advised to delete the driver in PATH and retry</msg>
<msg timestamp="20250526 14:14:54.078" level="WARN">The chromedriver version (135.0.7049.95) detected in PATH at C:\Users\arezgui\AppData\Local\Programs\Python\Python313\Scripts\chromedriver.exe might not be compatible with the detected chrome version (136.0.7103.114); currently, chromedriver 136.0.7103.113 is recommended for chrome 136.*, so it is advised to delete the driver in PATH and retry</msg>
<msg timestamp="20250526 14:16:03.192" level="WARN">The chromedriver version (135.0.7049.95) detected in PATH at C:\Users\arezgui\AppData\Local\Programs\Python\Python313\Scripts\chromedriver.exe might not be compatible with the detected chrome version (136.0.7103.114); currently, chromedriver 136.0.7103.113 is recommended for chrome 136.*, so it is advised to delete the driver in PATH and retry</msg>
<msg timestamp="20250526 14:17:33.639" level="WARN">The chromedriver version (135.0.7049.95) detected in PATH at C:\Users\arezgui\AppData\Local\Programs\Python\Python313\Scripts\chromedriver.exe might not be compatible with the detected chrome version (136.0.7103.114); currently, chromedriver 136.0.7103.113 is recommended for chrome 136.*, so it is advised to delete the driver in PATH and retry</msg>
<msg timestamp="20250526 14:17:59.826" level="WARN">The chromedriver version (135.0.7049.95) detected in PATH at C:\Users\arezgui\AppData\Local\Programs\Python\Python313\Scripts\chromedriver.exe might not be compatible with the detected chrome version (136.0.7103.114); currently, chromedriver 136.0.7103.113 is recommended for chrome 136.*, so it is advised to delete the driver in PATH and retry</msg>
<msg timestamp="20250526 14:18:53.871" level="WARN">The chromedriver version (135.0.7049.95) detected in PATH at C:\Users\arezgui\AppData\Local\Programs\Python\Python313\Scripts\chromedriver.exe might not be compatible with the detected chrome version (136.0.7103.114); currently, chromedriver 136.0.7103.113 is recommended for chrome 136.*, so it is advised to delete the driver in PATH and retry</msg>
<msg timestamp="20250526 14:20:15.721" level="WARN">Retrying (RetryAdapter(total=2, connect=None, read=None, redirect=None, status=None)) after connection broken by 'ConnectTimeoutError(&lt;urllib3.connection.HTTPConnection object at 0x00000220A5C3A8B0&gt;, 'Connection to 192.168.4.1 timed out. (connect timeout=None)')': /api/services/hostapd/status</msg>
<msg timestamp="20250526 14:20:36.955" level="WARN">Retrying (RetryAdapter(total=1, connect=None, read=None, redirect=None, status=None)) after connection broken by 'ConnectTimeoutError(&lt;urllib3.connection.HTTPConnection object at 0x00000220A5C38AF0&gt;, 'Connection to 192.168.4.1 timed out. (connect timeout=None)')': /api/services/hostapd/status</msg>
<msg timestamp="20250526 14:20:58.404" level="WARN">Retrying (RetryAdapter(total=0, connect=None, read=None, redirect=None, status=None)) after connection broken by 'ConnectTimeoutError(&lt;urllib3.connection.HTTPConnection object at 0x00000220A5C38270&gt;, 'Connection to 192.168.4.1 timed out. (connect timeout=None)')': /api/services/hostapd/status</msg>
<msg timestamp="20250526 14:21:40.843" level="WARN">Retrying (RetryAdapter(total=2, connect=None, read=None, redirect=None, status=None)) after connection broken by 'ConnectTimeoutError(&lt;urllib3.connection.HTTPConnection object at 0x00000220A5C3B790&gt;, 'Connection to 192.168.4.1 timed out. (connect timeout=None)')': /api/services/ssh/status</msg>
<msg timestamp="20250526 14:22:02.069" level="WARN">Retrying (RetryAdapter(total=1, connect=None, read=None, redirect=None, status=None)) after connection broken by 'ConnectTimeoutError(&lt;urllib3.connection.HTTPConnection object at 0x00000220A5C3BAC0&gt;, 'Connection to 192.168.4.1 timed out. (connect timeout=None)')': /api/services/ssh/status</msg>
<msg timestamp="20250526 14:22:23.496" level="WARN">Retrying (RetryAdapter(total=0, connect=None, read=None, redirect=None, status=None)) after connection broken by 'ConnectTimeoutError(&lt;urllib3.connection.HTTPConnection object at 0x00000220A5C3BDF0&gt;, 'Connection to 192.168.4.1 timed out. (connect timeout=None)')': /api/services/ssh/status</msg>
<msg timestamp="20250526 14:23:05.585" level="WARN">Retrying (RetryAdapter(total=2, connect=None, read=None, redirect=None, status=None)) after connection broken by 'ConnectTimeoutError(&lt;urllib3.connection.HTTPConnection object at 0x00000220A6DCC490&gt;, 'Connection to 192.168.4.1 timed out. (connect timeout=None)')': /api/services/dnsmasq/status</msg>
<msg timestamp="20250526 14:23:26.835" level="WARN">Retrying (RetryAdapter(total=1, connect=None, read=None, redirect=None, status=None)) after connection broken by 'ConnectTimeoutError(&lt;urllib3.connection.HTTPConnection object at 0x00000220A6DCCAF0&gt;, 'Connection to 192.168.4.1 timed out. (connect timeout=None)')': /api/services/dnsmasq/status</msg>
<msg timestamp="20250526 14:23:48.273" level="WARN">Retrying (RetryAdapter(total=0, connect=None, read=None, redirect=None, status=None)) after connection broken by 'ConnectTimeoutError(&lt;urllib3.connection.HTTPConnection object at 0x00000220A6DCCD10&gt;, 'Connection to 192.168.4.1 timed out. (connect timeout=None)')': /api/services/dnsmasq/status</msg>
<msg timestamp="20250526 14:24:30.353" level="WARN">Retrying (RetryAdapter(total=2, connect=None, read=None, redirect=None, status=None)) after connection broken by 'ConnectTimeoutError(&lt;urllib3.connection.HTTPConnection object at 0x00000220A5C3B9B0&gt;, 'Connection to 192.168.4.1 timed out. (connect timeout=None)')': /api/services/iptables/status</msg>
<msg timestamp="20250526 14:24:51.611" level="WARN">Retrying (RetryAdapter(total=1, connect=None, read=None, redirect=None, status=None)) after connection broken by 'ConnectTimeoutError(&lt;urllib3.connection.HTTPConnection object at 0x00000220A5C3BDF0&gt;, 'Connection to 192.168.4.1 timed out. (connect timeout=None)')': /api/services/iptables/status</msg>
<msg timestamp="20250526 14:25:13.070" level="WARN">Retrying (RetryAdapter(total=0, connect=None, read=None, redirect=None, status=None)) after connection broken by 'ConnectTimeoutError(&lt;urllib3.connection.HTTPConnection object at 0x00000220A5C3BBD0&gt;, 'Connection to 192.168.4.1 timed out. (connect timeout=None)')': /api/services/iptables/status</msg>
</errors>
</robot>
